                                     | Core 0      | Core 1      | Core 2      | Core 3      | Core 4      | Core 5      | Core 6      | Core 7      | Core 8      | Core 9      | Core 10     | Core 11     | Core 12     | Core 13     | Core 14     | Core 15    
  Instructions                       |   209145040 |   224902548 |   224940577 |   224932871 |   209145022 |   224903248 |   224940578 |   224932172 |   209145022 |   224903248 |   224940577 |   224932172 |   209145040 |   224902548 |   224940577 |   224932871
  Cycles                             |  1797385600 |  1797385600 |  1797385600 |  1797385600 |  1797385600 |  1797385600 |  1797385600 |  1797385600 |  1797385600 |  1797385600 |  1797385600 |  1797385600 |  1797385600 |  1797385600 |  1797385600 |  1797385600
  IPC                                |        0.12 |        0.13 |        0.13 |        0.13 |        0.12 |        0.13 |        0.13 |        0.13 |        0.12 |        0.13 |        0.13 |        0.13 |        0.12 |        0.13 |        0.13 |        0.13
  Time (ns)                          |   449346400 |   449346400 |   449346400 |   449346400 |   449346400 |   449346400 |   449346400 |   449346400 |   449346400 |   449346400 |   449346400 |   449346400 |   449346400 |   449346400 |   449346400 |   449346400
  Idle time (ns)                     |   327697486 |   304411288 |   328902311 |   367018138 |   162212628 |   287168591 |   294832657 |   318591029 |   162826740 |   287175159 |   294801371 |   318632001 |   327702227 |   304410397 |   328895301 |   367014332
  Idle time (%)                      |       72.9% |       67.7% |       73.2% |       81.7% |       36.1% |       63.9% |       65.6% |       70.9% |       36.2% |       63.9% |       65.6% |       70.9% |       72.9% |       67.7% |       73.2% |       81.7%
Branch predictor stats               |             |             |             |             |             |             |             |             |             |             |             |             |             |             |             |            
  num correct                        |    32415277 |    13032263 |    13127585 |    13095772 |    32461622 |    13032338 |    13127977 |    13095700 |    32457880 |    13032338 |    13127977 |    13095700 |    32415277 |    13032263 |    13127585 |    13095772
  num incorrect                      |     1900952 |      620625 |      525308 |      557410 |     1854601 |      620632 |      524916 |      557400 |     1858343 |      620632 |      524916 |      557400 |     1900952 |      620625 |      525308 |      557410
  misprediction rate                 |       5.54% |       4.55% |       3.85% |       4.08% |       5.40% |       4.55% |       3.84% |       4.08% |       5.42% |       4.55% |       3.84% |       4.08% |       5.54% |       4.55% |       3.85% |       4.08%
  mpki                               |        9.09 |        2.76 |        2.34 |        2.48 |        8.87 |        2.76 |        2.33 |        2.48 |        8.89 |        2.76 |        2.33 |        2.48 |        9.09 |        2.76 |        2.34 |        2.48
TLB Summary                          |             |             |             |             |             |             |             |             |             |             |             |             |             |             |             |            
  I-TLB                              |             |             |             |             |             |             |             |             |             |             |             |             |             |             |             |            
    num accesses                     |    30025108 |    31711289 |    31723098 |    31711810 |    30025105 |    31711362 |    31723098 |    31711737 |    30025105 |    31711362 |    31723098 |    31711737 |    30025108 |    31711289 |    31723098 |    31711810
    num misses                       |         134 |          26 |          26 |          26 |         134 |          26 |          26 |          26 |         135 |          26 |          26 |          26 |         134 |          26 |          26 |          26
    miss rate                        |       0.00% |       0.00% |       0.00% |       0.00% |       0.00% |       0.00% |       0.00% |       0.00% |       0.00% |       0.00% |       0.00% |       0.00% |       0.00% |       0.00% |       0.00% |       0.00%
    mpki                             |        0.00 |        0.00 |        0.00 |        0.00 |        0.00 |        0.00 |        0.00 |        0.00 |        0.00 |        0.00 |        0.00 |        0.00 |        0.00 |        0.00 |        0.00 |        0.00
  D-TLB                              |             |             |             |             |             |             |             |             |             |             |             |             |             |             |             |            
    num accesses                     |    73201587 |    76879478 |    76887317 |    76885679 |    73201576 |    76879803 |    76887317 |    76885354 |    73206794 |    76879803 |    76887317 |    76885354 |    73201587 |    76879478 |    76887317 |    76885679
    num misses                       |       82492 |     2934657 |     2833257 |     3037772 |       97401 |     3133653 |     2833850 |     3098061 |       82506 |     3030661 |     2833357 |     2941867 |      101359 |     2934657 |     2833256 |     3037871
    miss rate                        |       0.11% |       3.82% |       3.68% |       3.95% |       0.13% |       4.08% |       3.69% |       4.03% |       0.11% |       3.94% |       3.69% |       3.83% |       0.14% |       3.82% |       3.68% |       3.95%
    mpki                             |        0.39 |       13.05 |       12.60 |       13.51 |        0.47 |       13.93 |       12.60 |       13.77 |        0.39 |       13.48 |       12.60 |       13.08 |        0.48 |       13.05 |       12.60 |       13.51
  L2 TLB                             |             |             |             |             |             |             |             |             |             |             |             |             |             |             |             |            
    num accesses                     |       82626 |     2934683 |     2833283 |     3037798 |       97535 |     3133679 |     2833876 |     3098087 |       82641 |     3030687 |     2833383 |     2941893 |      101493 |     2934683 |     2833282 |     3037897
    num misses                       |         596 |        9112 |         312 |         128 |         589 |        9213 |         312 |         226 |         597 |        9113 |         411 |         325 |         599 |        9112 |         312 |         128
    miss rate                        |       0.72% |       0.31% |       0.01% |       0.00% |       0.60% |       0.29% |       0.01% |       0.01% |       0.72% |       0.30% |       0.01% |       0.01% |       0.59% |       0.31% |       0.01% |       0.00%
    mpki                             |        0.00 |        0.04 |        0.00 |        0.00 |        0.00 |        0.04 |        0.00 |        0.00 |        0.00 |        0.04 |        0.00 |        0.00 |        0.00 |        0.04 |        0.00 |        0.00
Cache Summary                        |             |             |             |             |             |             |             |             |             |             |             |             |             |             |             |            
  Cache L1-I                         |             |             |             |             |             |             |             |             |             |             |             |             |             |             |             |            
    num cache accesses               |    30025108 |    31711289 |    31723098 |    31711810 |    30025105 |    31711362 |    31723098 |    31711737 |    30025105 |    31711362 |    31723098 |    31711737 |    30025108 |    31711289 |    31723098 |    31711810
    num cache misses                 |    15403254 |     1645955 |     1645407 |     1646394 |    15403250 |     1645645 |     1645999 |     1646110 |    15403251 |     1645954 |     1645407 |     1646387 |    15403254 |     1645955 |     1645407 |     1646394
    miss rate                        |      51.30% |       5.19% |       5.19% |       5.19% |      51.30% |       5.19% |       5.19% |       5.19% |      51.30% |       5.19% |       5.19% |       5.19% |      51.30% |       5.19% |       5.19% |       5.19%
    mpki                             |       73.65 |        7.32 |        7.31 |        7.32 |       73.65 |        7.32 |        7.32 |        7.32 |       73.65 |        7.32 |        7.31 |        7.32 |       73.65 |        7.32 |        7.31 |        7.32
  Cache L1-D                         |             |             |             |             |             |             |             |             |             |             |             |             |             |             |             |            
    num cache accesses               |    73201587 |    76879478 |    76887317 |    76885679 |    73201576 |    76879803 |    76887317 |    76885354 |    73206794 |    76879803 |    76887317 |    76885354 |    73201587 |    76879478 |    76887317 |    76885679
    num cache misses                 |       32831 |      253407 |      254200 |      251630 |       32673 |      254111 |      253193 |      252656 |       32894 |      253416 |      254199 |      251619 |       33021 |      253407 |      254200 |      251630
    miss rate                        |       0.04% |       0.33% |       0.33% |       0.33% |       0.04% |       0.33% |       0.33% |       0.33% |       0.04% |       0.33% |       0.33% |       0.33% |       0.05% |       0.33% |       0.33% |       0.33%
    mpki                             |        0.16 |        1.13 |        1.13 |        1.12 |        0.16 |        1.13 |        1.13 |        1.12 |        0.16 |        1.13 |        1.13 |        1.12 |        0.16 |        1.13 |        1.13 |        1.12
  Cache L2                           |             |             |             |             |             |             |             |             |             |             |             |             |             |             |             |            
    num cache accesses               |    15436445 |     1899370 |     1899614 |     1898037 |    15436314 |     1899765 |     1899200 |     1898776 |    15436538 |     1899379 |     1899614 |     1898016 |    15436691 |     1899370 |     1899614 |     1898036
    num cache misses                 |       35056 |      258931 |      258901 |      257931 |       34959 |      259476 |      258588 |      258530 |       35087 |      258940 |      258900 |      257920 |       35214 |      258931 |      258901 |      257931
    miss rate                        |       0.23% |      13.63% |      13.63% |      13.59% |       0.23% |      13.66% |      13.62% |      13.62% |       0.23% |      13.63% |      13.63% |      13.59% |       0.23% |      13.63% |      13.63% |      13.59%
    mpki                             |        0.17 |        1.15 |        1.15 |        1.15 |        0.17 |        1.15 |        1.15 |        1.15 |        0.17 |        1.15 |        1.15 |        1.15 |        0.17 |        1.15 |        1.15 |        1.15
DRAM summary                         |             |             |             |             |             |             |             |             |             |             |             |             |             |             |             |            
  num dram accesses                  |      230142 |      230076 |      234700 |      231981 |      235679 |      233318 |      229433 |      232847 |      230018 |      239177 |      233593 |      233503 |      227233 |      233680 |      232913 |      229999
  average dram access latency (ns)   |       32.98 |       33.02 |       33.05 |       32.76 |       32.96 |       32.74 |       32.91 |       32.69 |       32.91 |       32.72 |       32.88 |       32.72 |       33.09 |       33.27 |       33.15 |       33.06
  average dram queueing delay        |        9.55 |        9.59 |        9.62 |        9.33 |        9.53 |        9.32 |        9.48 |        9.26 |        9.48 |        9.29 |        9.45 |        9.29 |        9.66 |        9.84 |        9.72 |        9.63
  average dram bandwidth utilization |       0.00% |       0.00% |       0.00% |       0.00% |       0.00% |       0.00% |       0.00% |       0.00% |       0.00% |       0.00% |       0.00% |       0.00% |       0.00% |       0.00% |       0.00% |       0.00%
Coherency Traffic                    |             |             |             |             |             |             |             |             |             |             |             |             |             |             |             |            
  num loads from dram                |       15262 |      216173 |      216381 |      214538 |       14995 |      216910 |      215466 |      215487 |       15325 |      216112 |      216341 |      214568 |       15428 |      216167 |      216380 |      214557
  num loads from dram cache          |           0 |           0 |           0 |           0 |           0 |           0 |           0 |           0 |           0 |           0 |           0 |           0 |           0 |           0 |           0 |           0
  num loads from remote cache        |         340 |         288 |         320 |         370 |         417 |         364 |         330 |         312 |         340 |         358 |         360 |         328 |         340 |         294 |         321 |         350
