                                     | Core 0      | Core 1      | Core 2      | Core 3      | Core 4      | Core 5      | Core 6      | Core 7      | Core 8      | Core 9      | Core 10     | Core 11     | Core 12     | Core 13     | Core 14     | Core 15    
  Instructions                       |   390087502 |   782827938 |   844361435 |   840386268 |   895059117 |   390087502 |   782905954 |   844454758 |   834328030 |   894712580 |   390087502 |   788582199 |   850918937 |   829490264 |   905288253 |           0
  Cycles                             |  4342538400 |  4342538400 |  4342538400 |  4342538400 |  4342538400 |  4342538400 |  4342538400 |  4342538400 |  4342538400 |  4342538400 |  4342538400 |  4342538400 |  4342538400 |  4342538400 |  4342538400 |  4342538400
  IPC                                |        0.09 |        0.18 |        0.19 |        0.19 |        0.21 |        0.09 |        0.18 |        0.19 |        0.19 |        0.21 |        0.09 |        0.18 |        0.20 |        0.19 |        0.21 |        0.00
  Time (ns)                          |  1085634600 |  1085634600 |  1085634600 |  1085634600 |  1085634600 |  1085634600 |  1085634600 |  1085634600 |  1085634600 |  1085634600 |  1085634600 |  1085634600 |  1085634600 |  1085634600 |  1085634600 |  1085634600
  Idle time (ns)                     |   963752884 |   249548357 |   186658443 |   676817769 |   142742533 |   942193833 |   243573233 |   217036849 |   234471531 |   143540634 |   952359374 |   689079838 |   671676820 |   198480873 |   630356539 |  1085634600
  Idle time (%)                      |       88.8% |       23.0% |       17.2% |       62.3% |       13.1% |       86.8% |       22.4% |       20.0% |       21.6% |       13.2% |       87.7% |       63.5% |       61.9% |       18.3% |       58.1% |      100.0%
Branch predictor stats               |             |             |             |             |             |             |             |             |             |             |             |             |             |             |             |            
  num correct                        |    43978068 |    90408604 |    96553220 |    97310111 |   102175679 |    43978135 |    90084606 |    96605229 |    96001769 |   102151345 |    43978200 |    91371331 |    98151857 |    94908106 |   104512137 |           0
  num incorrect                      |       95181 |    13642416 |    14749129 |    14604111 |    15147563 |       95114 |    13984397 |    14718783 |    14567299 |    15095288 |       95049 |    13958767 |    14607908 |    14585874 |    15083859 |           0
  misprediction rate                 |       0.22% |      13.11% |      13.25% |      13.05% |      12.91% |       0.22% |      13.44% |      13.22% |      13.17% |      12.87% |       0.22% |      13.25% |      12.95% |      13.32% |      12.61% |       0.00%
  mpki                               |        0.24 |       17.43 |       17.47 |       17.38 |       16.92 |        0.24 |       17.86 |       17.43 |       17.46 |       16.87 |        0.24 |       17.70 |       17.17 |       17.58 |       16.66 |        0.00
TLB Summary                          |             |             |             |             |             |             |             |             |             |             |             |             |             |             |             |            
  I-TLB                              |             |             |             |             |             |             |             |             |             |             |             |             |             |             |             |            
    num accesses                     |    57964819 |   110370407 |   119133419 |   119380410 |   126386107 |    57964819 |   110388306 |   119155102 |   118035383 |   126309596 |    57964819 |   111649428 |   120590834 |   116960244 |   128658874 |           0
    num misses                       |         227 |          34 |          34 |          34 |          34 |         228 |          34 |          34 |          34 |          31 |         223 |          34 |          34 |          31 |          34 |           0
    miss rate                        |       0.00% |       0.00% |       0.00% |       0.00% |       0.00% |       0.00% |       0.00% |       0.00% |       0.00% |       0.00% |       0.00% |       0.00% |       0.00% |       0.00% |       0.00% |       0.00%
    mpki                             |        0.00 |        0.00 |        0.00 |        0.00 |        0.00 |        0.00 |        0.00 |        0.00 |        0.00 |        0.00 |        0.00 |        0.00 |        0.00 |        0.00 |        0.00 |        0.00
  D-TLB                              |             |             |             |             |             |             |             |             |             |             |             |             |             |             |             |            
    num accesses                     |   169706154 |   226985262 |   250930698 |   248744426 |   269474009 |   169706154 |   227019132 |   250971517 |   246051601 |   269320102 |   169706150 |   229541629 |   253844355 |   243901308 |   274020273 |           0
    num misses                       |      112869 |       81681 |       83002 |       83822 |       86530 |      104646 |       77566 |       83874 |       81499 |       87981 |      157388 |       77836 |       80533 |       77927 |      112809 |           0
    miss rate                        |       0.07% |       0.04% |       0.03% |       0.03% |       0.03% |       0.06% |       0.03% |       0.03% |       0.03% |       0.03% |       0.09% |       0.03% |       0.03% |       0.03% |       0.04% |       0.00%
    mpki                             |        0.29 |        0.10 |        0.10 |        0.10 |        0.10 |        0.27 |        0.10 |        0.10 |        0.10 |        0.10 |        0.40 |        0.10 |        0.09 |        0.09 |        0.12 |        0.00
  L2 TLB                             |             |             |             |             |             |             |             |             |             |             |             |             |             |             |             |            
    num accesses                     |      113096 |       81715 |       83036 |       83856 |       86564 |      104874 |       77600 |       83908 |       81533 |       88012 |      157611 |       77870 |       80567 |       77958 |      112843 |           0
    num misses                       |       45570 |       58518 |       60039 |       58356 |       60026 |       45625 |       58456 |       60207 |       58371 |       59999 |       45565 |       58528 |       60150 |       58298 |       60276 |           0
    miss rate                        |      40.29% |      71.61% |      72.30% |      69.59% |      69.34% |      43.50% |      75.33% |      71.75% |      71.59% |      68.17% |      28.91% |      75.16% |      74.66% |      74.78% |      53.42% |       0.00%
    mpki                             |        0.12 |        0.07 |        0.07 |        0.07 |        0.07 |        0.12 |        0.07 |        0.07 |        0.07 |        0.07 |        0.12 |        0.07 |        0.07 |        0.07 |        0.07 |        0.00
Cache Summary                        |             |             |             |             |             |             |             |             |             |             |             |             |             |             |             |            
  Cache L1-I                         |             |             |             |             |             |             |             |             |             |             |             |             |             |             |             |            
    num cache accesses               |    57964819 |   110370407 |   119133419 |   119380410 |   126386107 |    57964819 |   110388306 |   119155102 |   118035383 |   126309596 |    57964819 |   111649428 |   120590834 |   116960244 |   128658874 |           0
    num cache misses                 |     4391640 |       44965 |       52433 |       51054 |       58316 |     4391351 |       44536 |       52120 |       49558 |       57455 |     4392274 |       45413 |       52964 |       50096 |       59093 |           0
    miss rate                        |       7.58% |       0.04% |       0.04% |       0.04% |       0.05% |       7.58% |       0.04% |       0.04% |       0.04% |       0.05% |       7.58% |       0.04% |       0.04% |       0.04% |       0.05% |        inf%
    mpki                             |       11.26 |        0.06 |        0.06 |        0.06 |        0.07 |       11.26 |        0.06 |        0.06 |        0.06 |        0.06 |       11.26 |        0.06 |        0.06 |        0.06 |        0.07 |         inf
  Cache L1-D                         |             |             |             |             |             |             |             |             |             |             |             |             |             |             |             |            
    num cache accesses               |   169706154 |   226985262 |   250930698 |   248744426 |   269474009 |   169706154 |   227019132 |   250971517 |   246051601 |   269320102 |   169706150 |   229541629 |   253844355 |   243901308 |   274020273 |           0
    num cache misses                 |      643527 |     1575162 |     1723322 |     1657696 |     1820445 |      644183 |     1583127 |     1725037 |     1666845 |     1821369 |      643783 |     1576818 |     1724399 |     1658964 |     1821629 |           0
    miss rate                        |       0.38% |       0.69% |       0.69% |       0.67% |       0.68% |       0.38% |       0.70% |       0.69% |       0.68% |       0.68% |       0.38% |       0.69% |       0.68% |       0.68% |       0.66% |        inf%
    mpki                             |        1.65 |        2.01 |        2.04 |        1.97 |        2.03 |        1.65 |        2.02 |        2.04 |        2.00 |        2.04 |        1.65 |        2.00 |        2.03 |        2.00 |        2.01 |         inf
  Cache L2                           |             |             |             |             |             |             |             |             |             |             |             |             |             |             |             |            
    num cache accesses               |     5177979 |     1846457 |     2017212 |     1941761 |     2128558 |     5178485 |     1863010 |     2019600 |     1958408 |     2129320 |     5179018 |     1850398 |     2019784 |     1943806 |     2131249 |           0
    num cache misses                 |      528174 |     1091213 |     1178733 |     1140564 |     1234810 |      528460 |     1101864 |     1180543 |     1150810 |     1234299 |      527598 |     1093381 |     1180046 |     1140981 |     1237009 |           0
    miss rate                        |      10.20% |      59.10% |      58.43% |      58.74% |      58.01% |      10.20% |      59.14% |      58.45% |      58.76% |      57.97% |      10.19% |      59.09% |      58.42% |      58.70% |      58.04% |        inf%
    mpki                             |        1.35 |        1.39 |        1.40 |        1.36 |        1.38 |        1.35 |        1.41 |        1.40 |        1.38 |        1.38 |        1.35 |        1.39 |        1.39 |        1.38 |        1.37 |         inf
DRAM summary                         |             |             |             |             |             |             |             |             |             |             |             |             |             |             |             |            
  num dram accesses                  |     1366176 |     1348119 |     1275434 |     1317718 |     1286164 |     1331979 |     1380587 |     1301972 |     1343658 |     1377639 |     1345797 |     1333249 |     1352806 |     1284106 |     1364816 |     1403695
  average dram access latency (ns)   |       24.46 |       24.47 |       24.53 |       24.45 |       24.52 |       24.45 |       24.49 |       24.47 |       24.56 |       24.49 |       24.43 |       24.48 |       24.46 |       24.50 |       24.60 |       24.52
  average dram queueing delay        |        1.03 |        1.04 |        1.10 |        1.03 |        1.09 |        1.02 |        1.06 |        1.04 |        1.13 |        1.06 |        1.00 |        1.05 |        1.03 |        1.07 |        1.17 |        1.09
  average dram bandwidth utilization |       1.00% |       1.00% |       0.00% |       1.00% |       0.00% |       1.00% |       1.00% |       1.00% |       1.00% |       1.00% |       1.00% |       1.00% |       1.00% |       0.00% |       1.00% |       1.00%
Coherency Traffic                    |             |             |             |             |             |             |             |             |             |             |             |             |             |             |             |            
  num loads from dram                |      281766 |      811823 |      849222 |      850441 |      842097 |      282483 |      801755 |      846297 |      784535 |      843377 |      281636 |      823308 |      853416 |      836307 |      840678 |           0
  num loads from dram cache          |           0 |           0 |           0 |           0 |           0 |           0 |           0 |           0 |           0 |           0 |           0 |           0 |           0 |           0 |           0 |           0
  num loads from remote cache        |        2183 |       13993 |       31325 |        1763 |       71524 |        2174 |       33000 |       35297 |       76511 |       69522 |        2105 |        4160 |       28016 |       17125 |       74316 |           0
