                                     | Core 0     | Core 1     | Core 2     | Core 3     | Core 4     | Core 5     | Core 6     | Core 7     | Core 8     | Core 9     | Core 10    | Core 11    | Core 12    | Core 13    | Core 14    | Core 15   
  Instructions                       |   86002371 |   62099727 |   59354675 |   62158504 |          0 |          0 |          0 |          0 |          0 |          0 |          0 |          0 |          0 |          0 |          0 |          0
  Cycles                             |  132388800 |  132388800 |  132388800 |  132388800 |  132388800 |  132388800 |  132388800 |  132388800 |  132388800 |  132388800 |  132388800 |  132388800 |  132388800 |  132388800 |  132388800 |  132388800
  IPC                                |       0.65 |       0.47 |       0.45 |       0.47 |       0.00 |       0.00 |       0.00 |       0.00 |       0.00 |       0.00 |       0.00 |       0.00 |       0.00 |       0.00 |       0.00 |       0.00
  Time (ns)                          |   33097200 |   33097200 |   33097200 |   33097200 |   33097200 |   33097200 |   33097200 |   33097200 |   33097200 |   33097200 |   33097200 |   33097200 |   33097200 |   33097200 |   33097200 |   33097200
  Idle time (ns)                     |    1395556 |    4877815 |    5898324 |    4750556 |   33097200 |   33097200 |   33097200 |   33097200 |   33097200 |   33097200 |   33097200 |   33097200 |   33097200 |   33097200 |   33097200 |   33097200
  Idle time (%)                      |       4.2% |      14.7% |      17.8% |      14.4% |     100.0% |     100.0% |     100.0% |     100.0% |     100.0% |     100.0% |     100.0% |     100.0% |     100.0% |     100.0% |     100.0% |     100.0%
Branch predictor stats               |            |            |            |            |            |            |            |            |            |            |            |            |            |            |            |           
  num correct                        |   10407517 |    8502605 |    8126192 |    8511272 |          0 |          0 |          0 |          0 |          0 |          0 |          0 |          0 |          0 |          0 |          0 |          0
  num incorrect                      |      26166 |      19582 |      19882 |      21491 |          0 |          0 |          0 |          0 |          0 |          0 |          0 |          0 |          0 |          0 |          0 |          0
  misprediction rate                 |      0.25% |      0.23% |      0.24% |      0.25% |      0.00% |      0.00% |      0.00% |      0.00% |      0.00% |      0.00% |      0.00% |      0.00% |      0.00% |      0.00% |      0.00% |      0.00%
  mpki                               |       0.30 |       0.32 |       0.33 |       0.35 |       0.00 |       0.00 |       0.00 |       0.00 |       0.00 |       0.00 |       0.00 |       0.00 |       0.00 |       0.00 |       0.00 |       0.00
TLB Summary                          |            |            |            |            |            |            |            |            |            |            |            |            |            |            |            |           
  I-TLB                              |            |            |            |            |            |            |            |            |            |            |            |            |            |            |            |           
    num accesses                     |    5428637 |    2387630 |    2306746 |    2415136 |          0 |          0 |          0 |          0 |          0 |          0 |          0 |          0 |          0 |          0 |          0 |          0
    num misses                       |        135 |         36 |         36 |         36 |          0 |          0 |          0 |          0 |          0 |          0 |          0 |          0 |          0 |          0 |          0 |          0
    miss rate                        |      0.00% |      0.00% |      0.00% |      0.00% |      0.00% |      0.00% |      0.00% |      0.00% |      0.00% |      0.00% |      0.00% |      0.00% |      0.00% |      0.00% |      0.00% |      0.00%
    mpki                             |       0.00 |       0.00 |       0.00 |       0.00 |       0.00 |       0.00 |       0.00 |       0.00 |       0.00 |       0.00 |       0.00 |       0.00 |       0.00 |       0.00 |       0.00 |       0.00
  D-TLB                              |            |            |            |            |            |            |            |            |            |            |            |            |            |            |            |           
    num accesses                     |   35978742 |   26094956 |   24922126 |   26089389 |          0 |          0 |          0 |          0 |          0 |          0 |          0 |          0 |          0 |          0 |          0 |          0
    num misses                       |      47218 |      43754 |      41973 |      44222 |          0 |          0 |          0 |          0 |          0 |          0 |          0 |          0 |          0 |          0 |          0 |          0
    miss rate                        |      0.13% |      0.17% |      0.17% |      0.17% |      0.00% |      0.00% |      0.00% |      0.00% |      0.00% |      0.00% |      0.00% |      0.00% |      0.00% |      0.00% |      0.00% |      0.00%
    mpki                             |       0.55 |       0.70 |       0.71 |       0.71 |       0.00 |       0.00 |       0.00 |       0.00 |       0.00 |       0.00 |       0.00 |       0.00 |       0.00 |       0.00 |       0.00 |       0.00
  L2 TLB                             |            |            |            |            |            |            |            |            |            |            |            |            |            |            |            |           
    num accesses                     |      47353 |      43790 |      42009 |      44258 |          0 |          0 |          0 |          0 |          0 |          0 |          0 |          0 |          0 |          0 |          0 |          0
    num misses                       |      16998 |      13416 |      12977 |      15514 |          0 |          0 |          0 |          0 |          0 |          0 |          0 |          0 |          0 |          0 |          0 |          0
    miss rate                        |     35.90% |     30.64% |     30.89% |     35.05% |      0.00% |      0.00% |      0.00% |      0.00% |      0.00% |      0.00% |      0.00% |      0.00% |      0.00% |      0.00% |      0.00% |      0.00%
    mpki                             |       0.20 |       0.22 |       0.22 |       0.25 |       0.00 |       0.00 |       0.00 |       0.00 |       0.00 |       0.00 |       0.00 |       0.00 |       0.00 |       0.00 |       0.00 |       0.00
Cache Summary                        |            |            |            |            |            |            |            |            |            |            |            |            |            |            |            |           
  Cache L1-I                         |            |            |            |            |            |            |            |            |            |            |            |            |            |            |            |           
    num cache accesses               |    5428637 |    2387630 |    2306746 |    2415136 |          0 |          0 |          0 |          0 |          0 |          0 |          0 |          0 |          0 |          0 |          0 |          0
    num cache misses                 |      16881 |      11443 |      11299 |      11380 |          0 |          0 |          0 |          0 |          0 |          0 |          0 |          0 |          0 |          0 |          0 |          0
    miss rate                        |      0.31% |      0.48% |      0.49% |      0.47% |       inf% |       inf% |       inf% |       inf% |       inf% |       inf% |       inf% |       inf% |       inf% |       inf% |       inf% |       inf%
    mpki                             |       0.20 |       0.18 |       0.19 |       0.18 |        inf |        inf |        inf |        inf |        inf |        inf |        inf |        inf |        inf |        inf |        inf |        inf
  Cache L1-D                         |            |            |            |            |            |            |            |            |            |            |            |            |            |            |            |           
    num cache accesses               |   35978742 |   26094956 |   24922126 |   26089389 |          0 |          0 |          0 |          0 |          0 |          0 |          0 |          0 |          0 |          0 |          0 |          0
    num cache misses                 |    2447418 |    2257236 |    2164500 |    2268253 |          0 |          0 |          0 |          0 |          0 |          0 |          0 |          0 |          0 |          0 |          0 |          0
    miss rate                        |      6.80% |      8.65% |      8.69% |      8.69% |       inf% |       inf% |       inf% |       inf% |       inf% |       inf% |       inf% |       inf% |       inf% |       inf% |       inf% |       inf%
    mpki                             |      28.46 |      36.35 |      36.47 |      36.49 |        inf |        inf |        inf |        inf |        inf |        inf |        inf |        inf |        inf |        inf |        inf |        inf
  Cache L2                           |            |            |            |            |            |            |            |            |            |            |            |            |            |            |            |           
    num cache accesses               |    3908862 |    3643287 |    3489412 |    3659334 |          0 |          0 |          0 |          0 |          0 |          0 |          0 |          0 |          0 |          0 |          0 |          0
    num cache misses                 |    1839895 |    1642586 |    1576836 |    1656900 |          0 |          0 |          0 |          0 |          0 |          0 |          0 |          0 |          0 |          0 |          0 |          0
    miss rate                        |     47.07% |     45.09% |     45.19% |     45.28% |       inf% |       inf% |       inf% |       inf% |       inf% |       inf% |       inf% |       inf% |       inf% |       inf% |       inf% |       inf%
    mpki                             |      21.39 |      26.45 |      26.57 |      26.66 |        inf |        inf |        inf |        inf |        inf |        inf |        inf |        inf |        inf |        inf |        inf |        inf
DRAM summary                         |            |            |            |            |            |            |            |            |            |            |            |            |            |            |            |           
  num dram accesses                  |     611444 |     632219 |     650557 |     670072 |     699342 |     740152 |     746314 |     763254 |     764725 |     771355 |     786195 |     801113 |     814679 |     828818 |     841244 |     854363
  average dram access latency (ns)   |      33.91 |      33.69 |      33.80 |      33.54 |      33.69 |      34.70 |      33.97 |      33.59 |      33.99 |      33.04 |      33.36 |      32.83 |      33.31 |      32.89 |      33.05 |      32.46
  average dram queueing delay        |      10.48 |      10.26 |      10.37 |      10.11 |      10.27 |      11.27 |      10.54 |      10.16 |      10.56 |       9.62 |       9.93 |       9.40 |       9.88 |       9.46 |       9.62 |       9.03
  average dram bandwidth utilization |     15.00% |     16.00% |     16.00% |     17.00% |     17.00% |     18.00% |     19.00% |     19.00% |     19.00% |     19.00% |     20.00% |     20.00% |     20.00% |     21.00% |     21.00% |     21.00%
Coherency Traffic                    |            |            |            |            |            |            |            |            |            |            |            |            |            |            |            |           
  num loads from dram                |    1729214 |    1559727 |    1494649 |    1565335 |          0 |          0 |          0 |          0 |          0 |          0 |          0 |          0 |          0 |          0 |          0 |          0
  num loads from dram cache          |          0 |          0 |          0 |          0 |          0 |          0 |          0 |          0 |          0 |          0 |          0 |          0 |          0 |          0 |          0 |          0
  num loads from remote cache        |      61293 |      71727 |      72016 |      80689 |          0 |          0 |          0 |          0 |          0 |          0 |          0 |          0 |          0 |          0 |          0 |          0
