                                     | Core 0     | Core 1     | Core 2     | Core 3     | Core 4     | Core 5     | Core 6     | Core 7     | Core 8     | Core 9     | Core 10    | Core 11    | Core 12    | Core 13    | Core 14    | Core 15   
  Instructions                       |  120733602 |  118855341 |  106129304 |  108562962 |  120733119 |  118855561 |  106130133 |  108563869 |  120733334 |  118855661 |  106130383 |  108563282 |  120733310 |  118855608 |  106130442 |  108563653
  Cycles                             |  133819600 |  133819600 |  133819600 |  133819600 |  133819600 |  133819600 |  133819600 |  133819600 |  133819600 |  133819600 |  133819600 |  133819600 |  133819600 |  133819600 |  133819600 |  133819600
  IPC                                |       0.90 |       0.89 |       0.79 |       0.81 |       0.90 |       0.89 |       0.79 |       0.81 |       0.90 |       0.89 |       0.79 |       0.81 |       0.90 |       0.89 |       0.79 |       0.81
  Time (ns)                          |   33454900 |   33454900 |   33454900 |   33454900 |   33454900 |   33454900 |   33454900 |   33454900 |   33454900 |   33454900 |   33454900 |   33454900 |   33454900 |   33454900 |   33454900 |   33454900
  Idle time (ns)                     |    3917432 |    5109420 |    8557511 |    7844650 |    3935064 |    5103727 |    8616395 |    7959989 |    3997222 |    5123504 |    8765046 |    8023707 |    3987242 |    5098289 |    8454372 |    7951218
  Idle time (%)                      |      11.7% |      15.3% |      25.6% |      23.4% |      11.8% |      15.3% |      25.8% |      23.8% |      11.9% |      15.3% |      26.2% |      24.0% |      11.9% |      15.2% |      25.3% |      23.8%
Branch predictor stats               |            |            |            |            |            |            |            |            |            |            |            |            |            |            |            |           
  num correct                        |   10845538 |    8443100 |    8461992 |    8474058 |   10851586 |    8426731 |    8458084 |    8469423 |   10843487 |    8420445 |    8460501 |    8470769 |   10850370 |    8425597 |    8458463 |    8469610
  num incorrect                      |     517918 |     565031 |     422821 |     451652 |     511786 |     581453 |     426820 |     456393 |     519918 |     587760 |     424448 |     454952 |     513018 |     582593 |     426493 |     456166
  misprediction rate                 |      4.56% |      6.27% |      4.76% |      5.06% |      4.50% |      6.45% |      4.80% |      5.11% |      4.58% |      6.52% |      4.78% |      5.10% |      4.51% |      6.47% |      4.80% |      5.11%
  mpki                               |       4.29 |       4.75 |       3.98 |       4.16 |       4.24 |       4.89 |       4.02 |       4.20 |       4.31 |       4.95 |       4.00 |       4.19 |       4.25 |       4.90 |       4.02 |       4.20
TLB Summary                          |            |            |            |            |            |            |            |            |            |            |            |            |            |            |            |           
  I-TLB                              |            |            |            |            |            |            |            |            |            |            |            |            |            |            |            |           
    num accesses                     |   15068735 |   13111415 |   13238005 |   13197674 |   15068642 |   13111470 |   13238073 |   13197764 |   15068687 |   13111491 |   13238124 |   13197635 |   15068670 |   13111483 |   13238130 |   13197712
    num misses                       |        165 |         44 |         44 |         43 |        163 |         45 |         45 |         43 |        161 |         44 |         44 |         44 |        161 |         44 |         44 |         44
    miss rate                        |      0.00% |      0.00% |      0.00% |      0.00% |      0.00% |      0.00% |      0.00% |      0.00% |      0.00% |      0.00% |      0.00% |      0.00% |      0.00% |      0.00% |      0.00% |      0.00%
    mpki                             |       0.00 |       0.00 |       0.00 |       0.00 |       0.00 |       0.00 |       0.00 |       0.00 |       0.00 |       0.00 |       0.00 |       0.00 |       0.00 |       0.00 |       0.00 |       0.00
  D-TLB                              |            |            |            |            |            |            |            |            |            |            |            |            |            |            |            |           
    num accesses                     |   47137761 |   44700389 |   41845801 |   42399982 |   47137589 |   44700466 |   41846122 |   42400340 |   47127111 |   44700516 |   41846203 |   42400131 |   47127091 |   44700489 |   41846230 |   42400265
    num misses                       |      92000 |      78677 |      78678 |      79079 |      87307 |      77386 |      79945 |      78458 |     107637 |      77771 |      77868 |      78207 |      86329 |      77973 |      80892 |      78083
    miss rate                        |      0.20% |      0.18% |      0.19% |      0.19% |      0.19% |      0.17% |      0.19% |      0.19% |      0.23% |      0.17% |      0.19% |      0.18% |      0.18% |      0.17% |      0.19% |      0.18%
    mpki                             |       0.76 |       0.66 |       0.74 |       0.73 |       0.72 |       0.65 |       0.75 |       0.72 |       0.89 |       0.65 |       0.73 |       0.72 |       0.72 |       0.66 |       0.76 |       0.72
  L2 TLB                             |            |            |            |            |            |            |            |            |            |            |            |            |            |            |            |           
    num accesses                     |      92165 |      78721 |      78722 |      79122 |      87470 |      77431 |      79990 |      78501 |     107798 |      77815 |      77912 |      78251 |      86490 |      78017 |      80936 |      78127
    num misses                       |      37437 |      27556 |      28418 |      28368 |      37521 |      27423 |      28951 |      28145 |      37367 |      27275 |      28396 |      28333 |      37034 |      27749 |      29422 |      28525
    miss rate                        |     40.62% |     35.00% |     36.10% |     35.85% |     42.90% |     35.42% |     36.19% |     35.85% |     34.66% |     35.05% |     36.45% |     36.21% |     42.82% |     35.57% |     36.35% |     36.51%
    mpki                             |       0.31 |       0.23 |       0.27 |       0.26 |       0.31 |       0.23 |       0.27 |       0.26 |       0.31 |       0.23 |       0.27 |       0.26 |       0.31 |       0.23 |       0.28 |       0.26
Cache Summary                        |            |            |            |            |            |            |            |            |            |            |            |            |            |            |            |           
  Cache L1-I                         |            |            |            |            |            |            |            |            |            |            |            |            |            |            |            |           
    num cache accesses               |   15068735 |   13111415 |   13238005 |   13197674 |   15068642 |   13111470 |   13238073 |   13197764 |   15068687 |   13111491 |   13238124 |   13197635 |   15068670 |   13111483 |   13238130 |   13197712
    num cache misses                 |    1488500 |     684884 |     686419 |     686423 |    1488454 |     684892 |     686380 |     686426 |    1488586 |     684878 |     686384 |     686397 |    1488516 |     684856 |     686436 |     686441
    miss rate                        |      9.88% |      5.22% |      5.19% |      5.20% |      9.88% |      5.22% |      5.18% |      5.20% |      9.88% |      5.22% |      5.18% |      5.20% |      9.88% |      5.22% |      5.19% |      5.20%
    mpki                             |      12.33 |       5.76 |       6.47 |       6.32 |      12.33 |       5.76 |       6.47 |       6.32 |      12.33 |       5.76 |       6.47 |       6.32 |      12.33 |       5.76 |       6.47 |       6.32
  Cache L1-D                         |            |            |            |            |            |            |            |            |            |            |            |            |            |            |            |           
    num cache accesses               |   47137761 |   44700389 |   41845801 |   42399982 |   47137589 |   44700466 |   41846122 |   42400340 |   47127111 |   44700516 |   41846203 |   42400131 |   47127091 |   44700489 |   41846230 |   42400265
    num cache misses                 |     551467 |     498116 |     500388 |     501181 |     544012 |     498143 |     500396 |     501156 |     563684 |     498162 |     500403 |     501131 |     577746 |     498126 |     500445 |     501197
    miss rate                        |      1.17% |      1.11% |      1.20% |      1.18% |      1.15% |      1.11% |      1.20% |      1.18% |      1.20% |      1.11% |      1.20% |      1.18% |      1.23% |      1.11% |      1.20% |      1.18%
    mpki                             |       4.57 |       4.19 |       4.71 |       4.62 |       4.51 |       4.19 |       4.71 |       4.62 |       4.67 |       4.19 |       4.71 |       4.62 |       4.79 |       4.19 |       4.72 |       4.62
  Cache L2                           |            |            |            |            |            |            |            |            |            |            |            |            |            |            |            |           
    num cache accesses               |    2090160 |    1224640 |    1229225 |    1229720 |    2076844 |    1224650 |    1229220 |    1229684 |    2096700 |    1224662 |    1229229 |    1229644 |    2110257 |    1224623 |    1229288 |    1229584
    num cache misses                 |     142022 |      85017 |      85727 |      85465 |     128952 |      83526 |      83891 |      83523 |     128040 |      83533 |      83902 |      83451 |     127214 |      85011 |      85776 |      85320
    miss rate                        |      6.79% |      6.94% |      6.97% |      6.95% |      6.21% |      6.82% |      6.82% |      6.79% |      6.11% |      6.82% |      6.83% |      6.79% |      6.03% |      6.94% |      6.98% |      6.94%
    mpki                             |       1.18 |       0.72 |       0.81 |       0.79 |       1.07 |       0.70 |       0.79 |       0.77 |       1.06 |       0.70 |       0.79 |       0.77 |       1.05 |       0.72 |       0.81 |       0.79
DRAM summary                         |            |            |            |            |            |            |            |            |            |            |            |            |            |            |            |           
  num dram accesses                  |    1725790 |      92965 |      29776 |      27932 |      27402 |      27741 |      28845 |      29957 |      29139 |      28273 |      32381 |      38025 |      30324 |      29221 |      28694 |      96756
  average dram access latency (ns)   |     545.04 |      25.62 |      26.69 |      25.96 |      25.63 |      25.78 |      26.32 |      26.39 |      26.04 |      25.96 |      25.68 |      25.69 |      26.78 |      26.28 |      26.08 |      25.88
  average dram queueing delay        |     521.61 |       2.19 |       3.27 |       2.53 |       2.20 |       2.35 |       2.89 |       2.96 |       2.61 |       2.53 |       2.25 |       2.26 |       3.35 |       2.85 |       2.65 |       2.45
  average dram bandwidth utilization |     43.00% |      2.00% |      0.00% |      0.00% |      0.00% |      0.00% |      0.00% |      0.00% |      0.00% |      0.00% |      0.00% |      0.00% |      0.00% |      0.00% |      0.00% |      2.00%
Coherency Traffic                    |            |            |            |            |            |            |            |            |            |            |            |            |            |            |            |           
  num loads from dram                |      88493 |      66464 |      67664 |      66653 |      78987 |      66008 |      67170 |      65987 |      82723 |      66027 |      67215 |      65957 |      79904 |      66249 |      68666 |      66474
  num loads from dram cache          |          0 |          0 |          0 |          0 |          0 |          0 |          0 |          0 |          0 |          0 |          0 |          0 |          0 |          0 |          0 |          0
  num loads from remote cache        |       4828 |       5997 |       5421 |       6152 |       4795 |       6188 |       5411 |       6243 |       4828 |       6182 |       5372 |       6252 |       5554 |       6217 |       4431 |       6172
