                                     | Core 0      | Core 1      | Core 2      | Core 3      | Core 4      | Core 5      | Core 6      | Core 7      | Core 8      | Core 9      | Core 10     | Core 11     | Core 12     | Core 13     | Core 14     | Core 15    
  Instructions                       |   390087564 |   783186297 |   843465750 |   834488485 |   894727753 |   390087564 |   783199466 |   843423501 |   834511788 |   894729380 |   390087564 |   783362565 |   843439492 |   834718806 |   894730139 |           0
  Cycles                             |  1234410400 |  1234410400 |  1234410400 |  1234410400 |  1234410400 |  1234410400 |  1234410400 |  1234410400 |  1234410400 |  1234410400 |  1234410400 |  1234410400 |  1234410400 |  1234410400 |  1234410400 |  1234410400
  IPC                                |        0.32 |        0.63 |        0.68 |        0.68 |        0.72 |        0.32 |        0.63 |        0.68 |        0.68 |        0.72 |        0.32 |        0.63 |        0.68 |        0.68 |        0.72 |        0.00
  Time (ns)                          |   308602600 |   308602600 |   308602600 |   308602600 |   308602600 |   308602600 |   308602600 |   308602600 |   308602600 |   308602600 |   308602600 |   308602600 |   308602600 |   308602600 |   308602600 |   308602600
  Idle time (ns)                     |   249835026 |    86931462 |    70223986 |    73259143 |    59022038 |   249780082 |    86940741 |    70220670 |    73039103 |    58875664 |   249806717 |    85206869 |    70172910 |    73083491 |    58854850 |   308602600
  Idle time (%)                      |       81.0% |       28.2% |       22.8% |       23.7% |       19.1% |       80.9% |       28.2% |       22.8% |       23.7% |       19.1% |       80.9% |       27.6% |       22.7% |       23.7% |       19.1% |      100.0%
Branch predictor stats               |             |             |             |             |             |             |             |             |             |             |             |             |             |             |             |            
  num correct                        |    43980036 |    90445974 |    96360762 |    96040110 |   102171951 |    43978176 |    90480976 |    96355749 |    96032114 |   102143395 |    43978188 |    90121684 |    96353521 |    96086807 |   102123865 |           0
  num incorrect                      |       93227 |    13685584 |    14743488 |    14564617 |    15078057 |       95087 |    13653549 |    14738717 |    14577773 |    15107108 |       95075 |    14049105 |    14744692 |    14568917 |    15126714 |           0
  misprediction rate                 |       0.21% |      13.14% |      13.27% |      13.17% |      12.86% |       0.22% |      13.11% |      13.27% |      13.18% |      12.88% |       0.22% |      13.49% |      13.27% |      13.17% |      12.90% |       0.00%
  mpki                               |        0.24 |       17.47 |       17.48 |       17.45 |       16.85 |        0.24 |       17.43 |       17.47 |       17.47 |       16.88 |        0.24 |       17.93 |       17.48 |       17.45 |       16.91 |        0.00
TLB Summary                          |             |             |             |             |             |             |             |             |             |             |             |             |             |             |             |            
  I-TLB                              |             |             |             |             |             |             |             |             |             |             |             |             |             |             |             |            
    num accesses                     |    57964827 |   110450847 |   118935422 |   118070963 |   126312990 |    57964827 |   110453875 |   118925512 |   118076197 |   126313447 |    57964827 |   110490064 |   118929338 |   118121980 |   126313516 |           0
    num misses                       |         230 |          34 |          34 |          34 |          31 |         225 |          34 |          34 |          34 |          31 |         226 |          34 |          34 |          34 |          31 |           0
    miss rate                        |       0.00% |       0.00% |       0.00% |       0.00% |       0.00% |       0.00% |       0.00% |       0.00% |       0.00% |       0.00% |       0.00% |       0.00% |       0.00% |       0.00% |       0.00% |       0.00%
    mpki                             |        0.00 |        0.00 |        0.00 |        0.00 |        0.00 |        0.00 |        0.00 |        0.00 |        0.00 |        0.00 |        0.00 |        0.00 |        0.00 |        0.00 |        0.00 |        0.00
  D-TLB                              |             |             |             |             |             |             |             |             |             |             |             |             |             |             |             |            
    num accesses                     |   169706169 |   227143491 |   250532088 |   246122802 |   269326876 |   169706169 |   227149403 |   250513495 |   246133299 |   269327368 |   169706169 |   227221726 |   250520401 |   246225390 |   269327683 |           0
    num misses                       |      106474 |       77989 |       82535 |       82819 |       90629 |      105321 |       76855 |       87211 |       77064 |       99360 |      110136 |       79936 |       78983 |       90103 |       82124 |           0
    miss rate                        |       0.06% |       0.03% |       0.03% |       0.03% |       0.03% |       0.06% |       0.03% |       0.03% |       0.03% |       0.04% |       0.06% |       0.04% |       0.03% |       0.04% |       0.03% |       0.00%
    mpki                             |        0.27 |        0.10 |        0.10 |        0.10 |        0.10 |        0.27 |        0.10 |        0.10 |        0.09 |        0.11 |        0.28 |        0.10 |        0.09 |        0.11 |        0.09 |        0.00
  L2 TLB                             |             |             |             |             |             |             |             |             |             |             |             |             |             |             |             |            
    num accesses                     |      106704 |       78023 |       82569 |       82853 |       90660 |      105546 |       76889 |       87245 |       77098 |       99391 |      110362 |       79970 |       79017 |       90137 |       82155 |           0
    num misses                       |       45506 |       58438 |       60137 |       58405 |       60224 |       45411 |       58467 |       60041 |       58318 |       60069 |       45588 |       58553 |       60022 |       58483 |       60074 |           0
    miss rate                        |      42.65% |      74.90% |      72.83% |      70.49% |      66.43% |      43.02% |      76.04% |      68.82% |      75.64% |      60.44% |      41.31% |      73.22% |      75.96% |      64.88% |      73.12% |       0.00%
    mpki                             |        0.12 |        0.07 |        0.07 |        0.07 |        0.07 |        0.12 |        0.07 |        0.07 |        0.07 |        0.07 |        0.12 |        0.07 |        0.07 |        0.07 |        0.07 |        0.00
Cache Summary                        |             |             |             |             |             |             |             |             |             |             |             |             |             |             |             |            
  Cache L1-I                         |             |             |             |             |             |             |             |             |             |             |             |             |             |             |             |            
    num cache accesses               |    57964827 |   110450847 |   118935422 |   118070963 |   126312990 |    57964827 |   110453875 |   118925512 |   118076197 |   126313447 |    57964827 |   110490064 |   118929338 |   118121980 |   126313516 |           0
    num cache misses                 |     4391120 |       44639 |       52073 |       49480 |       57481 |     4391541 |       44619 |       52376 |       50157 |       58360 |     4391143 |       44556 |       52152 |       49495 |       57568 |           0
    miss rate                        |       7.58% |       0.04% |       0.04% |       0.04% |       0.05% |       7.58% |       0.04% |       0.04% |       0.04% |       0.05% |       7.58% |       0.04% |       0.04% |       0.04% |       0.05% |        inf%
    mpki                             |       11.26 |        0.06 |        0.06 |        0.06 |        0.06 |       11.26 |        0.06 |        0.06 |        0.06 |        0.07 |       11.26 |        0.06 |        0.06 |        0.06 |        0.06 |         inf
  Cache L1-D                         |             |             |             |             |             |             |             |             |             |             |             |             |             |             |             |            
    num cache accesses               |   169706169 |   227143491 |   250532088 |   246122802 |   269326876 |   169706169 |   227149403 |   250513495 |   246133299 |   269327368 |   169706169 |   227221726 |   250520401 |   246225390 |   269327683 |           0
    num cache misses                 |      643886 |     1609773 |     1753118 |     1692484 |     1849273 |      644684 |     1607585 |     1751123 |     1691006 |     1847963 |      643441 |     1608543 |     1753611 |     1691813 |     1849759 |           0
    miss rate                        |       0.38% |       0.71% |       0.70% |       0.69% |       0.69% |       0.38% |       0.71% |       0.70% |       0.69% |       0.69% |       0.38% |       0.71% |       0.70% |       0.69% |       0.69% |        inf%
    mpki                             |        1.65 |        2.06 |        2.08 |        2.03 |        2.07 |        1.65 |        2.05 |        2.08 |        2.03 |        2.07 |        1.65 |        2.05 |        2.08 |        2.03 |        2.07 |         inf
  Cache L2                           |             |             |             |             |             |             |             |             |             |             |             |             |             |             |             |            
    num cache accesses               |     5177556 |     1916522 |     2077967 |     2011365 |     2188199 |     5178894 |     1911986 |     2073931 |     2008277 |     2185246 |     5177243 |     1914440 |     2079142 |     2010061 |     2189190 |           0
    num cache misses                 |      527481 |     1128230 |     1208817 |     1176107 |     1262257 |      527268 |     1126055 |     1206634 |     1175629 |     1262945 |      527780 |     1127363 |     1209312 |     1175706 |     1262871 |           0
    miss rate                        |      10.19% |      58.87% |      58.17% |      58.47% |      57.68% |      10.18% |      58.89% |      58.18% |      58.54% |      57.79% |      10.19% |      58.89% |      58.16% |      58.49% |      57.69% |        inf%
    mpki                             |        1.35 |        1.44 |        1.43 |        1.41 |        1.41 |        1.35 |        1.44 |        1.43 |        1.41 |        1.41 |        1.35 |        1.44 |        1.43 |        1.41 |        1.41 |         inf
DRAM summary                         |             |             |             |             |             |             |             |             |             |             |             |             |             |             |             |            
  num dram accesses                  |     1350406 |     1334896 |     1263309 |     1302283 |     1277234 |     1325942 |     1368254 |     1290728 |     1333619 |     1354273 |     1331880 |     1322464 |     1318414 |     1273347 |     1348008 |     1385268
  average dram access latency (ns)   |       29.99 |       29.92 |       29.66 |       31.80 |       32.01 |       29.75 |       29.91 |       29.67 |       31.92 |       33.73 |       37.33 |       29.95 |       29.92 |       29.79 |       33.49 |       32.20
  average dram queueing delay        |        6.56 |        6.49 |        6.23 |        8.37 |        8.58 |        6.32 |        6.48 |        6.24 |        8.50 |       10.30 |       13.90 |        6.52 |        6.50 |        6.36 |       10.06 |        8.78
  average dram bandwidth utilization |       3.00% |       3.00% |       3.00% |       3.00% |       3.00% |       3.00% |       3.00% |       3.00% |       3.00% |       3.00% |       3.00% |       3.00% |       3.00% |       3.00% |       3.00% |       3.00%
Coherency Traffic                    |             |             |             |             |             |             |             |             |             |             |             |             |             |             |             |            
  num loads from dram                |      281541 |      796296 |      845738 |      787486 |      839965 |      281387 |      796676 |      845542 |      786814 |      841454 |      281741 |      796879 |      845809 |      785686 |      840176 |           0
  num loads from dram cache          |           0 |           0 |           0 |           0 |           0 |           0 |           0 |           0 |           0 |           0 |           0 |           0 |           0 |           0 |           0 |           0
  num loads from remote cache        |        2212 |       62501 |       63690 |       97654 |      100613 |        2229 |       60019 |       61520 |       96900 |       98686 |        2196 |       61277 |       64191 |       99048 |      100874 |           0
