                                     | Core 0     | Core 1     | Core 2     | Core 3     | Core 4     | Core 5     | Core 6     | Core 7     | Core 8     | Core 9     | Core 10    | Core 11    | Core 12    | Core 13    | Core 14    | Core 15   
  Instructions                       |  101456903 |   63476945 |   60610487 |   63411265 |  101457055 |   63475025 |   60611930 |   63410346 |  101457001 |   63474439 |   60610250 |   63410321 |  101457279 |   63475594 |   60609819 |   63410750
  Cycles                             |   51642800 |   51642800 |   51642800 |   51642800 |   51642800 |   51642800 |   51642800 |   51642800 |   51642800 |   51642800 |   51642800 |   51642800 |   51642800 |   51642800 |   51642800 |   51642800
  IPC                                |       1.96 |       1.23 |       1.17 |       1.23 |       1.96 |       1.23 |       1.17 |       1.23 |       1.96 |       1.23 |       1.17 |       1.23 |       1.96 |       1.23 |       1.17 |       1.23
  Time (ns)                          |   12910700 |   12910700 |   12910700 |   12910700 |   12910700 |   12910700 |   12910700 |   12910700 |   12910700 |   12910700 |   12910700 |   12910700 |   12910700 |   12910700 |   12910700 |   12910700
  Idle time (ns)                     |     853747 |    5624829 |    5966686 |    5674816 |     825805 |    5399450 |    5830162 |    5652555 |     835615 |    5401438 |    5827463 |    5664456 |     851113 |    5619489 |    5964164 |    5669864
  Idle time (%)                      |       6.6% |      43.6% |      46.2% |      44.0% |       6.4% |      41.8% |      45.2% |      43.8% |       6.5% |      41.8% |      45.1% |      43.9% |       6.6% |      43.5% |      46.2% |      43.9%
Branch predictor stats               |            |            |            |            |            |            |            |            |            |            |            |            |            |            |            |           
  num correct                        |   11067179 |    8511819 |    8126383 |    8502772 |   11067242 |    8511529 |    8126615 |    8502690 |   11067211 |    8511441 |    8126462 |    8502708 |   11067281 |    8511631 |    8126355 |    8502682
  num incorrect                      |      26044 |      21343 |      19810 |      19445 |      26001 |      21333 |      19827 |      19423 |      26031 |      21324 |      19790 |      19385 |      26017 |      21353 |      19776 |      19442
  misprediction rate                 |      0.23% |      0.25% |      0.24% |      0.23% |      0.23% |      0.25% |      0.24% |      0.23% |      0.23% |      0.25% |      0.24% |      0.23% |      0.23% |      0.25% |      0.24% |      0.23%
  mpki                               |       0.26 |       0.34 |       0.33 |       0.31 |       0.26 |       0.34 |       0.33 |       0.31 |       0.26 |       0.34 |       0.33 |       0.31 |       0.26 |       0.34 |       0.33 |       0.31
TLB Summary                          |            |            |            |            |            |            |            |            |            |            |            |            |            |            |            |           
  I-TLB                              |            |            |            |            |            |            |            |            |            |            |            |            |            |            |            |           
    num accesses                     |    6286107 |    2473686 |    2371085 |    2492289 |    6286128 |    2473344 |    2371402 |    2492203 |    6286128 |    2473306 |    2371273 |    2492204 |    6286183 |    2473571 |    2371050 |    2492170
    num misses                       |        132 |         36 |         36 |         35 |        137 |         36 |         36 |         35 |        138 |         37 |         36 |         35 |        135 |         36 |         36 |         36
    miss rate                        |      0.00% |      0.00% |      0.00% |      0.00% |      0.00% |      0.00% |      0.00% |      0.00% |      0.00% |      0.00% |      0.00% |      0.00% |      0.00% |      0.00% |      0.00% |      0.00%
    mpki                             |       0.00 |       0.00 |       0.00 |       0.00 |       0.00 |       0.00 |       0.00 |       0.00 |       0.00 |       0.00 |       0.00 |       0.00 |       0.00 |       0.00 |       0.00 |       0.00
  D-TLB                              |            |            |            |            |            |            |            |            |            |            |            |            |            |            |            |           
    num accesses                     |   38141168 |   26763773 |   25566839 |   26765457 |   38141251 |   26763001 |   25567327 |   26765101 |   38141209 |   26762715 |   25566692 |   26765094 |   38141340 |   26763140 |   25566561 |   26765279
    num misses                       |      34871 |       1894 |       1780 |       1872 |      35077 |       1883 |       1752 |       1847 |      34986 |       1875 |       1761 |       1847 |      34923 |       1889 |       1786 |       1910
    miss rate                        |      0.09% |      0.01% |      0.01% |      0.01% |      0.09% |      0.01% |      0.01% |      0.01% |      0.09% |      0.01% |      0.01% |      0.01% |      0.09% |      0.01% |      0.01% |      0.01%
    mpki                             |       0.34 |       0.03 |       0.03 |       0.03 |       0.35 |       0.03 |       0.03 |       0.03 |       0.34 |       0.03 |       0.03 |       0.03 |       0.34 |       0.03 |       0.03 |       0.03
  L2 TLB                             |            |            |            |            |            |            |            |            |            |            |            |            |            |            |            |           
    num accesses                     |      35003 |       1930 |       1816 |       1907 |      35214 |       1919 |       1788 |       1882 |      35124 |       1912 |       1797 |       1882 |      35058 |       1925 |       1822 |       1946
    num misses                       |       1504 |        382 |        364 |        358 |       1506 |        380 |        364 |        353 |       1571 |        380 |        359 |        354 |       1511 |        378 |        363 |        360
    miss rate                        |      4.30% |     19.79% |     20.04% |     18.77% |      4.28% |     19.80% |     20.36% |     18.76% |      4.47% |     19.87% |     19.98% |     18.81% |      4.31% |     19.64% |     19.92% |     18.50%
    mpki                             |       0.01 |       0.01 |       0.01 |       0.01 |       0.01 |       0.01 |       0.01 |       0.01 |       0.02 |       0.01 |       0.01 |       0.01 |       0.01 |       0.01 |       0.01 |       0.01
Cache Summary                        |            |            |            |            |            |            |            |            |            |            |            |            |            |            |            |           
  Cache L1-I                         |            |            |            |            |            |            |            |            |            |            |            |            |            |            |            |           
    num cache accesses               |    6286107 |    2473686 |    2371085 |    2492289 |    6286128 |    2473344 |    2371402 |    2492203 |    6286128 |    2473306 |    2371273 |    2492204 |    6286183 |    2473571 |    2371050 |    2492170
    num cache misses                 |       8953 |       4334 |       3890 |       3747 |       8999 |       4350 |       4160 |       3795 |       9015 |       4360 |       4089 |       3793 |       8971 |       4318 |       3861 |       3759
    miss rate                        |      0.14% |      0.18% |      0.16% |      0.15% |      0.14% |      0.18% |      0.18% |      0.15% |      0.14% |      0.18% |      0.17% |      0.15% |      0.14% |      0.17% |      0.16% |      0.15%
    mpki                             |       0.09 |       0.07 |       0.06 |       0.06 |       0.09 |       0.07 |       0.07 |       0.06 |       0.09 |       0.07 |       0.07 |       0.06 |       0.09 |       0.07 |       0.06 |       0.06
  Cache L1-D                         |            |            |            |            |            |            |            |            |            |            |            |            |            |            |            |           
    num cache accesses               |   38141168 |   26763773 |   25566839 |   26765457 |   38141251 |   26763001 |   25567327 |   26765101 |   38141209 |   26762715 |   25566692 |   26765094 |   38141340 |   26763140 |   25566561 |   26765279
    num cache misses                 |     273789 |     190958 |     181964 |     191061 |     273688 |     190875 |     182169 |     191052 |     273764 |     190874 |     182145 |     191072 |     273790 |     190995 |     181973 |     190997
    miss rate                        |      0.72% |      0.71% |      0.71% |      0.71% |      0.72% |      0.71% |      0.71% |      0.71% |      0.72% |      0.71% |      0.71% |      0.71% |      0.72% |      0.71% |      0.71% |      0.71%
    mpki                             |       2.70 |       3.01 |       3.00 |       3.01 |       2.70 |       3.01 |       3.01 |       3.01 |       2.70 |       3.01 |       3.01 |       3.01 |       2.70 |       3.01 |       3.00 |       3.01
  Cache L2                           |            |            |            |            |            |            |            |            |            |            |            |            |            |            |            |           
    num cache accesses               |     377272 |     284685 |     271055 |     283795 |     377064 |     284533 |     271604 |     283918 |     377330 |     284557 |     271515 |     283956 |     377282 |     284712 |     271040 |     283752
    num cache misses                 |     199642 |     121301 |     112717 |     118163 |     199370 |     121616 |     113020 |     118047 |     200436 |     121622 |     112980 |     118083 |     199588 |     121357 |     112722 |     118093
    miss rate                        |     52.92% |     42.61% |     41.58% |     41.64% |     52.87% |     42.74% |     41.61% |     41.58% |     53.12% |     42.74% |     41.61% |     41.58% |     52.90% |     42.62% |     41.59% |     41.62%
    mpki                             |       1.97 |       1.91 |       1.86 |       1.86 |       1.97 |       1.92 |       1.86 |       1.86 |       1.98 |       1.92 |       1.86 |       1.86 |       1.97 |       1.91 |       1.86 |       1.86
DRAM summary                         |            |            |            |            |            |            |            |            |            |            |            |            |            |            |            |           
  num dram accesses                  |     216440 |     213885 |     216485 |     213867 |     222394 |     220010 |     220605 |     221693 |     219731 |     214803 |     214118 |     211866 |     217455 |     211524 |     212620 |     217185
  average dram access latency (ns)   |      26.04 |      25.40 |      25.49 |      24.93 |      25.80 |      25.16 |      25.45 |      24.98 |      25.41 |      24.81 |      25.01 |      24.77 |      25.33 |      24.73 |      24.95 |      24.87
  average dram queueing delay        |       2.61 |       1.97 |       2.06 |       1.50 |       2.37 |       1.73 |       2.02 |       1.55 |       1.98 |       1.38 |       1.58 |       1.34 |       1.90 |       1.30 |       1.52 |       1.44
  average dram bandwidth utilization |     14.00% |     13.00% |     14.00% |     13.00% |     14.00% |     14.00% |     14.00% |     14.00% |     14.00% |     14.00% |     13.00% |     13.00% |     14.00% |     13.00% |     13.00% |     14.00%
Coherency Traffic                    |            |            |            |            |            |            |            |            |            |            |            |            |            |            |            |           
  num loads from dram                |     145434 |      99623 |      96820 |     101726 |     143839 |     100141 |      98696 |     100820 |     145437 |      99987 |      97889 |     101322 |     145066 |      99812 |      97121 |     101554
  num loads from dram cache          |          0 |          0 |          0 |          0 |          0 |          0 |          0 |          0 |          0 |          0 |          0 |          0 |          0 |          0 |          0 |          0
  num loads from remote cache        |      14163 |      17370 |      12263 |      12550 |      15431 |      17107 |      10399 |      13315 |      14958 |      17280 |      11193 |      12830 |      14473 |      17205 |      11965 |      12676
