                                     | Core 0     | Core 1     | Core 2     | Core 3     | Core 4     | Core 5     | Core 6     | Core 7     | Core 8     | Core 9     | Core 10    | Core 11    | Core 12    | Core 13    | Core 14    | Core 15   
  Instructions                       |   52493608 |   56207648 |   56219078 |   56234271 |   52493614 |   56208348 |   56219078 |   56233572 |   52493601 |   56208348 |   56219077 |   56233572 |   52493608 |   56207648 |   56219077 |   56234271
  Cycles                             |  438755600 |  438755600 |  438755600 |  438755600 |  438755600 |  438755600 |  438755600 |  438755600 |  438755600 |  438755600 |  438755600 |  438755600 |  438755600 |  438755600 |  438755600 |  438755600
  IPC                                |       0.12 |       0.13 |       0.13 |       0.13 |       0.12 |       0.13 |       0.13 |       0.13 |       0.12 |       0.13 |       0.13 |       0.13 |       0.12 |       0.13 |       0.13 |       0.13
  Time (ns)                          |  109688900 |  109688900 |  109688900 |  109688900 |  109688900 |  109688900 |  109688900 |  109688900 |  109688900 |  109688900 |  109688900 |  109688900 |  109688900 |  109688900 |  109688900 |  109688900
  Idle time (ns)                     |   80070337 |   72903939 |   79171040 |   88712440 |   39996075 |   69713987 |   71553472 |   77881469 |   40279788 |   69631182 |   71713446 |   77360470 |   80045536 |   72911854 |   79121025 |   88798673
  Idle time (%)                      |      73.0% |      66.5% |      72.2% |      80.9% |      36.5% |      63.6% |      65.2% |      71.0% |      36.7% |      63.5% |      65.4% |      70.5% |      73.0% |      66.5% |      72.1% |      81.0%
Branch predictor stats               |            |            |            |            |            |            |            |            |            |            |            |            |            |            |            |           
  num correct                        |    8150423 |    3253281 |    3278768 |    3263245 |    8150639 |    3257157 |    3282169 |    3266170 |    8152281 |    3253357 |    3278769 |    3263173 |    8150712 |    3253280 |    3278767 |    3263244
  num incorrect                      |     467355 |     159607 |     134125 |     149937 |     467140 |     155813 |     130724 |     146930 |     465495 |     159613 |     134124 |     149927 |     467066 |     159608 |     134126 |     149938
  misprediction rate                 |      5.42% |      4.68% |      3.93% |      4.39% |      5.42% |      4.57% |      3.83% |      4.30% |      5.40% |      4.68% |      3.93% |      4.39% |      5.42% |      4.68% |      3.93% |      4.39%
  mpki                               |       8.90 |       2.84 |       2.39 |       2.67 |       8.90 |       2.77 |       2.33 |       2.61 |       8.87 |       2.84 |       2.39 |       2.67 |       8.90 |       2.84 |       2.39 |       2.67
TLB Summary                          |            |            |            |            |            |            |            |            |            |            |            |            |            |            |            |           
  I-TLB                              |            |            |            |            |            |            |            |            |            |            |            |            |            |            |            |           
    num accesses                     |    7533192 |    7925089 |    7926098 |    7931010 |    7533192 |    7925162 |    7926098 |    7930937 |    7533189 |    7925162 |    7926098 |    7930937 |    7533192 |    7925089 |    7926098 |    7931010
    num misses                       |        134 |         26 |         26 |         26 |        134 |         26 |         26 |         26 |        135 |         26 |         26 |         26 |        134 |         26 |         26 |         26
    miss rate                        |      0.00% |      0.00% |      0.00% |      0.00% |      0.00% |      0.00% |      0.00% |      0.00% |      0.00% |      0.00% |      0.00% |      0.00% |      0.00% |      0.00% |      0.00% |      0.00%
    mpki                             |       0.00 |       0.00 |       0.00 |       0.00 |       0.00 |       0.00 |       0.00 |       0.00 |       0.00 |       0.00 |       0.00 |       0.00 |       0.00 |       0.00 |       0.00 |       0.00
  D-TLB                              |            |            |            |            |            |            |            |            |            |            |            |            |            |            |            |           
    num accesses                     |   18365256 |   19215878 |   19218017 |   19220679 |   18373434 |   19216203 |   19218017 |   19220354 |   18373430 |   19216203 |   19218017 |   19220354 |   18373432 |   19215878 |   19218017 |   19220679
    num misses                       |       3921 |     184457 |      66864 |         67 |        388 |         61 |         65 |         68 |        347 |         60 |         66 |         65 |        658 |         61 |         65 |         68
    miss rate                        |      0.02% |      0.96% |      0.35% |      0.00% |      0.00% |      0.00% |      0.00% |      0.00% |      0.00% |      0.00% |      0.00% |      0.00% |      0.00% |      0.00% |      0.00% |      0.00%
    mpki                             |       0.07 |       3.28 |       1.19 |       0.00 |       0.01 |       0.00 |       0.00 |       0.00 |       0.01 |       0.00 |       0.00 |       0.00 |       0.01 |       0.00 |       0.00 |       0.00
  L2 TLB                             |            |            |            |            |            |            |            |            |            |            |            |            |            |            |            |           
    num accesses                     |       4055 |     184483 |      66890 |         93 |        522 |         87 |         91 |         94 |        482 |         86 |         92 |         91 |        792 |         87 |         91 |         94
    num misses                       |        301 |         84 |         90 |         89 |        301 |         84 |         89 |         88 |        301 |         84 |         89 |         88 |        303 |         82 |         89 |         89
    miss rate                        |      7.42% |      0.05% |      0.13% |     95.70% |     57.66% |     96.55% |     97.80% |     93.62% |     62.45% |     97.67% |     96.74% |     96.70% |     38.26% |     94.25% |     97.80% |     94.68%
    mpki                             |       0.01 |       0.00 |       0.00 |       0.00 |       0.01 |       0.00 |       0.00 |       0.00 |       0.01 |       0.00 |       0.00 |       0.00 |       0.01 |       0.00 |       0.00 |       0.00
Cache Summary                        |            |            |            |            |            |            |            |            |            |            |            |            |            |            |            |           
  Cache L1-I                         |            |            |            |            |            |            |            |            |            |            |            |            |            |            |            |           
    num cache accesses               |    7533192 |    7925089 |    7926098 |    7931010 |    7533192 |    7925162 |    7926098 |    7930937 |    7533189 |    7925162 |    7926098 |    7930937 |    7533192 |    7925089 |    7926098 |    7931010
    num cache misses                 |    3853844 |     409760 |     409939 |     410106 |    3853844 |     411958 |     411637 |     410003 |    3853841 |     411157 |     410236 |     412201 |    3853844 |     409961 |     409838 |     409811
    miss rate                        |     51.16% |      5.17% |      5.17% |      5.17% |     51.16% |      5.20% |      5.19% |      5.17% |     51.16% |      5.19% |      5.18% |      5.20% |     51.16% |      5.17% |      5.17% |      5.17%
    mpki                             |      73.42 |       7.29 |       7.29 |       7.29 |      73.42 |       7.33 |       7.32 |       7.29 |      73.42 |       7.31 |       7.30 |       7.33 |      73.42 |       7.29 |       7.29 |       7.29
  Cache L1-D                         |            |            |            |            |            |            |            |            |            |            |            |            |            |            |            |           
    num cache accesses               |   18365256 |   19215878 |   19218017 |   19220679 |   18373434 |   19216203 |   19218017 |   19220354 |   18373430 |   19216203 |   19218017 |   19220354 |   18373432 |   19215878 |   19218017 |   19220679
    num cache misses                 |      12029 |      62706 |      61703 |      63074 |      12123 |      63713 |      63702 |      62666 |      12056 |      63713 |      62103 |      64664 |      12162 |      62205 |      62603 |      62480
    miss rate                        |      0.07% |      0.33% |      0.32% |      0.33% |      0.07% |      0.33% |      0.33% |      0.33% |      0.07% |      0.33% |      0.32% |      0.34% |      0.07% |      0.32% |      0.33% |      0.33%
    mpki                             |       0.23 |       1.12 |       1.10 |       1.12 |       0.23 |       1.13 |       1.13 |       1.11 |       0.23 |       1.13 |       1.10 |       1.15 |       0.23 |       1.11 |       1.11 |       1.11
  Cache L2                           |            |            |            |            |            |            |            |            |            |            |            |            |            |            |            |           
    num cache accesses               |    3866131 |     472474 |     471649 |     473191 |    3866216 |     475679 |     475347 |     472678 |    3866149 |     474879 |     472347 |     476874 |    3866268 |     472173 |     472448 |     472301
    num cache misses                 |      14107 |       6379 |       3742 |       9902 |      14123 |      21677 |      21646 |       6363 |      14056 |      16570 |       6565 |      26192 |      14214 |       6272 |       8112 |       4672
    miss rate                        |      0.36% |      1.35% |      0.79% |      2.09% |      0.37% |      4.56% |      4.55% |      1.35% |      0.36% |      3.49% |      1.39% |      5.49% |      0.37% |      1.33% |      1.72% |      0.99%
    mpki                             |       0.27 |       0.11 |       0.07 |       0.18 |       0.27 |       0.39 |       0.39 |       0.11 |       0.27 |       0.29 |       0.12 |       0.47 |       0.27 |       0.11 |       0.14 |       0.08
DRAM summary                         |            |            |            |            |            |            |            |            |            |            |            |            |            |            |            |           
  num dram accesses                  |      12292 |      12414 |      15311 |       9259 |      20423 |      17156 |       9061 |       8739 |       8404 |      16370 |      19065 |      19979 |       9091 |      17307 |      20043 |       9417
  average dram access latency (ns)   |      29.16 |      29.06 |      29.59 |      28.30 |      30.40 |      29.75 |      28.45 |      28.10 |      28.01 |      29.62 |      30.04 |      30.02 |      28.78 |      29.92 |      30.09 |      28.17
  average dram queueing delay        |       5.73 |       5.63 |       6.16 |       4.87 |       6.97 |       6.32 |       5.02 |       4.67 |       4.58 |       6.19 |       6.61 |       6.59 |       5.35 |       6.49 |       6.66 |       4.74
  average dram bandwidth utilization |      0.00% |      0.00% |      0.00% |      0.00% |      0.00% |      0.00% |      0.00% |      0.00% |      0.00% |      0.00% |      0.00% |      0.00% |      0.00% |      0.00% |      0.00% |      0.00%
Coherency Traffic                    |            |            |            |            |            |            |            |            |            |            |            |            |            |            |            |           
  num loads from dram                |       6308 |       5266 |       2714 |       7891 |       6334 |      16659 |      16893 |       4890 |       6258 |      12939 |       4896 |      20379 |       6411 |       4857 |       6585 |       3638
  num loads from dram cache          |          0 |          0 |          0 |          0 |          0 |          0 |          0 |          0 |          0 |          0 |          0 |          0 |          0 |          0 |          0 |          0
  num loads from remote cache        |        266 |         89 |         51 |        178 |        266 |         94 |         51 |        198 |        266 |         97 |         52 |        170 |        265 |         91 |         53 |        176
