                                     | Core 0     | Core 1     | Core 2     | Core 3     | Core 4     | Core 5     | Core 6     | Core 7     | Core 8     | Core 9     | Core 10    | Core 11    | Core 12    | Core 13    | Core 14    | Core 15   
  Instructions                       |  209145100 |  224903247 |  224943067 |  224930381 |  209145111 |  224903247 |  224943067 |  224930381 |  209145100 |  224903247 |  224943067 |  224930381 |  209145100 |  224903247 |  224943067 |  224930381
  Cycles                             |  499783600 |  499783600 |  499783600 |  499783600 |  499783600 |  499783600 |  499783600 |  499783600 |  499783600 |  499783600 |  499783600 |  499783600 |  499783600 |  499783600 |  499783600 |  499783600
  IPC                                |       0.42 |       0.45 |       0.45 |       0.45 |       0.42 |       0.45 |       0.45 |       0.45 |       0.42 |       0.45 |       0.45 |       0.45 |       0.42 |       0.45 |       0.45 |       0.45
  Time (ns)                          |  124945900 |  124945900 |  124945900 |  124945900 |  124945900 |  124945900 |  124945900 |  124945900 |  124945900 |  124945900 |  124945900 |  124945900 |  124945900 |  124945900 |  124945900 |  124945900
  Idle time (ns)                     |   42715379 |   82253809 |   83111679 |   83052526 |   42843805 |   82365838 |   83241845 |   83032636 |   42806842 |   82296810 |   83157165 |   82968541 |   42887086 |   82244068 |   83105676 |   83036828
  Idle time (%)                      |      34.2% |      65.8% |      66.5% |      66.5% |      34.3% |      65.9% |      66.6% |      66.5% |      34.3% |      65.9% |      66.6% |      66.4% |      34.3% |      65.8% |      66.5% |      66.5%
Branch predictor stats               |            |            |            |            |            |            |            |            |            |            |            |            |            |            |            |           
  num correct                        |   32445752 |   13032339 |   13128249 |   13095500 |   32485434 |   13032338 |   13128247 |   13095500 |   32481201 |   13029338 |   13124454 |   13092500 |   32483961 |   13032340 |   13128249 |   13095500
  num incorrect                      |    1870483 |     620631 |     524950 |     557376 |    1830805 |     620632 |     524952 |     557376 |    1835034 |     623632 |     528745 |     560376 |    1832274 |     620630 |     524950 |     557376
  misprediction rate                 |      5.45% |      4.55% |      3.84% |      4.08% |      5.34% |      4.55% |      3.84% |      4.08% |      5.35% |      4.57% |      3.87% |      4.10% |      5.34% |      4.55% |      3.84% |      4.08%
  mpki                               |       8.94 |       2.76 |       2.33 |       2.48 |       8.75 |       2.76 |       2.33 |       2.48 |       8.77 |       2.77 |       2.35 |       2.49 |       8.76 |       2.76 |       2.33 |       2.48
TLB Summary                          |            |            |            |            |            |            |            |            |            |            |            |            |            |            |            |           
  I-TLB                              |            |            |            |            |            |            |            |            |            |            |            |            |            |            |            |           
    num accesses                     |   30025113 |   31711362 |   31723317 |   31711591 |   30025113 |   31711362 |   31723317 |   31711591 |   30025113 |   31711362 |   31723317 |   31711591 |   30025113 |   31711362 |   31723317 |   31711591
    num misses                       |        135 |         26 |         26 |         26 |        134 |         26 |         26 |         26 |        134 |         26 |         26 |         26 |        135 |         26 |         26 |         26
    miss rate                        |      0.00% |      0.00% |      0.00% |      0.00% |      0.00% |      0.00% |      0.00% |      0.00% |      0.00% |      0.00% |      0.00% |      0.00% |      0.00% |      0.00% |      0.00% |      0.00%
    mpki                             |       0.00 |       0.00 |       0.00 |       0.00 |       0.00 |       0.00 |       0.00 |       0.00 |       0.00 |       0.00 |       0.00 |       0.00 |       0.00 |       0.00 |       0.00 |       0.00
  D-TLB                              |            |            |            |            |            |            |            |            |            |            |            |            |            |            |            |           
    num accesses                     |   73234351 |   76879803 |   76888322 |   76884674 |   73206821 |   76879803 |   76888322 |   76884674 |   73234351 |   76879803 |   76888322 |   76884674 |   73234351 |   76879803 |   76888322 |   76884674
    num misses                       |      82513 |    2935056 |    2833670 |    3038245 |      97432 |    3398249 |    2834262 |    2834037 |      87134 |    3595849 |    3094764 |    3144437 |      82559 |    3037059 |    2833375 |    2935546
    miss rate                        |      0.11% |      3.82% |      3.69% |      3.95% |      0.13% |      4.42% |      3.69% |      3.69% |      0.12% |      4.68% |      4.03% |      4.09% |      0.11% |      3.95% |      3.69% |      3.82%
    mpki                             |       0.39 |      13.05 |      12.60 |      13.51 |       0.47 |      15.11 |      12.60 |      12.60 |       0.42 |      15.99 |      13.76 |      13.98 |       0.39 |      13.50 |      12.60 |      13.05
  L2 TLB                             |            |            |            |            |            |            |            |            |            |            |            |            |            |            |            |           
    num accesses                     |      82648 |    2935082 |    2833696 |    3038271 |      97566 |    3398275 |    2834288 |    2834063 |      87268 |    3595875 |    3094790 |    3144463 |      82694 |    3037085 |    2833401 |    2935572
    num misses                       |        590 |       9113 |        323 |        207 |        593 |      10399 |       1312 |       1197 |        598 |       9212 |        325 |        108 |        592 |       9113 |        421 |        306
    miss rate                        |      0.71% |      0.31% |      0.01% |      0.01% |      0.61% |      0.31% |      0.05% |      0.04% |      0.69% |      0.26% |      0.01% |      0.00% |      0.72% |      0.30% |      0.01% |      0.01%
    mpki                             |       0.00 |       0.04 |       0.00 |       0.00 |       0.00 |       0.05 |       0.01 |       0.01 |       0.00 |       0.04 |       0.00 |       0.00 |       0.00 |       0.04 |       0.00 |       0.00
Cache Summary                        |            |            |            |            |            |            |            |            |            |            |            |            |            |            |            |           
  Cache L1-I                         |            |            |            |            |            |            |            |            |            |            |            |            |            |            |            |           
    num cache accesses               |   30025113 |   31711362 |   31723317 |   31711591 |   30025113 |   31711362 |   31723317 |   31711591 |   30025113 |   31711362 |   31723317 |   31711591 |   30025113 |   31711362 |   31723317 |   31711591
    num cache misses                 |   15403259 |    1648079 |    1647296 |    1646055 |   15403259 |    1645645 |    1646074 |    1646042 |   15403259 |    1645645 |    1646074 |    1646042 |   15403259 |    1648079 |    1647296 |    1646055
    miss rate                        |     51.30% |      5.20% |      5.19% |      5.19% |     51.30% |      5.19% |      5.19% |      5.19% |     51.30% |      5.19% |      5.19% |      5.19% |     51.30% |      5.20% |      5.19% |      5.19%
    mpki                             |      73.65 |       7.33 |       7.32 |       7.32 |      73.65 |       7.32 |       7.32 |       7.32 |      73.65 |       7.32 |       7.32 |       7.32 |      73.65 |       7.33 |       7.32 |       7.32
  Cache L1-D                         |            |            |            |            |            |            |            |            |            |            |            |            |            |            |            |           
    num cache accesses               |   73234351 |   76879803 |   76888322 |   76884674 |   73206821 |   76879803 |   76888322 |   76884674 |   73234351 |   76879803 |   76888322 |   76884674 |   73234351 |   76879803 |   76888322 |   76884674
    num cache misses                 |      32835 |     254731 |     255030 |     252671 |      32701 |     254113 |     253299 |     252564 |      32733 |     254110 |     253297 |     252564 |      32828 |     254731 |     255028 |     252669
    miss rate                        |      0.04% |      0.33% |      0.33% |      0.33% |      0.04% |      0.33% |      0.33% |      0.33% |      0.04% |      0.33% |      0.33% |      0.33% |      0.04% |      0.33% |      0.33% |      0.33%
    mpki                             |       0.16 |       1.13 |       1.13 |       1.12 |       0.16 |       1.13 |       1.13 |       1.12 |       0.16 |       1.13 |       1.13 |       1.12 |       0.16 |       1.13 |       1.13 |       1.12
  Cache L2                           |            |            |            |            |            |            |            |            |            |            |            |            |            |            |            |           
    num cache accesses               |   15436462 |    1902820 |    1902338 |    1898732 |   15436381 |    1899768 |    1899385 |    1898612 |   15436410 |    1899765 |    1899383 |    1898612 |   15436436 |    1902820 |    1902337 |    1898730
    num cache misses                 |      35095 |     262905 |     262115 |     259010 |      34905 |     259478 |     258742 |     258390 |      34864 |     259475 |     258740 |     258390 |      35079 |     262905 |     262113 |     259008
    miss rate                        |      0.23% |     13.82% |     13.78% |     13.64% |      0.23% |     13.66% |     13.62% |     13.61% |      0.23% |     13.66% |     13.62% |     13.61% |      0.23% |     13.82% |     13.78% |     13.64%
    mpki                             |       0.17 |       1.17 |       1.17 |       1.15 |       0.17 |       1.15 |       1.15 |       1.15 |       0.17 |       1.15 |       1.15 |       1.15 |       0.17 |       1.17 |       1.17 |       1.15
DRAM summary                         |            |            |            |            |            |            |            |            |            |            |            |            |            |            |            |           
  num dram accesses                  |     231504 |     231673 |     235538 |     232648 |     235993 |     234011 |     230322 |     233565 |     231014 |     240061 |     235844 |     236162 |     228013 |     234321 |     232866 |     230728
  average dram access latency (ns)   |      34.55 |      34.47 |      34.28 |      33.85 |      33.94 |      33.83 |      34.04 |      33.87 |      34.05 |      34.04 |      33.91 |      33.88 |      34.18 |      34.48 |      34.46 |      34.37
  average dram queueing delay        |      11.12 |      11.04 |      10.85 |      10.42 |      10.52 |      10.40 |      10.61 |      10.44 |      10.63 |      10.61 |      10.48 |      10.45 |      10.75 |      11.05 |      11.03 |      10.94
  average dram bandwidth utilization |      1.00% |      1.00% |      1.00% |      1.00% |      1.00% |      1.00% |      1.00% |      1.00% |      1.00% |      1.00% |      1.00% |      1.00% |      1.00% |      1.00% |      1.00% |      1.00%
Coherency Traffic                    |            |            |            |            |            |            |            |            |            |            |            |            |            |            |            |           
  num loads from dram                |      15321 |     218061 |     217864 |     215572 |      15008 |     216941 |     215668 |     215267 |      14969 |     216943 |     215670 |     215237 |      15300 |     218057 |     217864 |     215575
  num loads from dram cache          |          0 |          0 |          0 |          0 |          0 |          0 |          0 |          0 |          0 |          0 |          0 |          0 |          0 |          0 |          0 |          0
  num loads from remote cache        |        324 |        321 |        240 |        793 |        405 |        333 |        211 |        460 |        405 |        331 |        209 |        490 |        324 |        325 |        240 |        790
