                                     | Core 0     | Core 1     | Core 2     | Core 3     | Core 4     | Core 5     | Core 6     | Core 7     | Core 8     | Core 9     | Core 10    | Core 11    | Core 12    | Core 13    | Core 14    | Core 15   
  Instructions                       |  111346289 |   28781262 |   28782888 |   28780846 |  111346113 |   28782139 |   28781847 |   28782734 |  111346297 |   28781156 |   28782156 |   28781614 |  111346344 |   28781589 |   28780324 |   28782391
  Cycles                             |   56623600 |   56623600 |   56623600 |   56623600 |   56623600 |   56623600 |   56623600 |   56623600 |   56623600 |   56623600 |   56623600 |   56623600 |   56623600 |   56623600 |   56623600 |   56623600
  IPC                                |       1.97 |       0.51 |       0.51 |       0.51 |       1.97 |       0.51 |       0.51 |       0.51 |       1.97 |       0.51 |       0.51 |       0.51 |       1.97 |       0.51 |       0.51 |       0.51
  Time (ns)                          |   14155900 |   14155900 |   14155900 |   14155900 |   14155900 |   14155900 |   14155900 |   14155900 |   14155900 |   14155900 |   14155900 |   14155900 |   14155900 |   14155900 |   14155900 |   14155900
  Idle time (ns)                     |    1136108 |    8425294 |    8425431 |    8437300 |    1123736 |    8422757 |    8421841 |    8423392 |    1130238 |    8425441 |    8432719 |    8429008 |    1138382 |    8427398 |    8418726 |    8427090
  Idle time (%)                      |       8.0% |      59.5% |      59.5% |      59.6% |       7.9% |      59.5% |      59.5% |      59.5% |       8.0% |      59.5% |      59.6% |      59.5% |       8.0% |      59.5% |      59.5% |      59.5%
Branch predictor stats               |            |            |            |            |            |            |            |            |            |            |            |            |            |            |            |           
  num correct                        |    6978982 |    2528397 |    2528554 |    2528335 |    6978901 |    2528503 |    2528431 |    2528571 |    6978939 |    2528380 |    2528474 |    2528432 |    6978865 |    2528440 |    2528270 |    2528504
  num incorrect                      |      54254 |      38106 |      38131 |      38096 |      54311 |      38110 |      38122 |      38114 |      54308 |      38100 |      38121 |      38105 |      54389 |      38115 |      38093 |      38117
  misprediction rate                 |      0.77% |      1.48% |      1.49% |      1.48% |      0.77% |      1.48% |      1.49% |      1.48% |      0.77% |      1.48% |      1.49% |      1.48% |      0.77% |      1.49% |      1.48% |      1.49%
  mpki                               |       0.49 |       1.32 |       1.32 |       1.32 |       0.49 |       1.32 |       1.32 |       1.32 |       0.49 |       1.32 |       1.32 |       1.32 |       0.49 |       1.32 |       1.32 |       1.32
TLB Summary                          |            |            |            |            |            |            |            |            |            |            |            |            |            |            |            |           
  I-TLB                              |            |            |            |            |            |            |            |            |            |            |            |            |            |            |            |           
    num accesses                     |   13562529 |    2431488 |    2724246 |    2528953 |   13562491 |    2431558 |    2724125 |    2529166 |   13562535 |    2431468 |    2724166 |    2529042 |   13562538 |    2431526 |    2724003 |    2529097
    num misses                       |        131 |         37 |         37 |         38 |        131 |         37 |         37 |         35 |        131 |         37 |         37 |         36 |        132 |         37 |         36 |         37
    miss rate                        |      0.00% |      0.00% |      0.00% |      0.00% |      0.00% |      0.00% |      0.00% |      0.00% |      0.00% |      0.00% |      0.00% |      0.00% |      0.00% |      0.00% |      0.00% |      0.00%
    mpki                             |       0.00 |       0.00 |       0.00 |       0.00 |       0.00 |       0.00 |       0.00 |       0.00 |       0.00 |       0.00 |       0.00 |       0.00 |       0.00 |       0.00 |       0.00 |       0.00
  D-TLB                              |            |            |            |            |            |            |            |            |            |            |            |            |            |            |            |           
    num accesses                     |   34790430 |    5155865 |    5156513 |    5155591 |   34790372 |    5156206 |    5156111 |    5156362 |   34790469 |    5155830 |    5156203 |    5155926 |   34790469 |    5155943 |    5155489 |    5156244
    num misses                       |     187907 |     185681 |     185735 |     185705 |     187899 |     185683 |     185733 |     185710 |     187907 |     185681 |     185734 |     185708 |     187907 |     185680 |     185710 |     185710
    miss rate                        |      0.54% |      3.60% |      3.60% |      3.60% |      0.54% |      3.60% |      3.60% |      3.60% |      0.54% |      3.60% |      3.60% |      3.60% |      0.54% |      3.60% |      3.60% |      3.60%
    mpki                             |       1.69 |       6.45 |       6.45 |       6.45 |       1.69 |       6.45 |       6.45 |       6.45 |       1.69 |       6.45 |       6.45 |       6.45 |       1.69 |       6.45 |       6.45 |       6.45
  L2 TLB                             |            |            |            |            |            |            |            |            |            |            |            |            |            |            |            |           
    num accesses                     |     188038 |     185718 |     185772 |     185743 |     188030 |     185720 |     185770 |     185745 |     188038 |     185718 |     185771 |     185744 |     188039 |     185717 |     185746 |     185747
    num misses                       |       6244 |       3964 |       4100 |       4074 |       6244 |       3965 |       4098 |       4076 |       6245 |       3962 |       4099 |       4076 |       6249 |       3962 |       4074 |       4078
    miss rate                        |      3.32% |      2.13% |      2.21% |      2.19% |      3.32% |      2.13% |      2.21% |      2.19% |      3.32% |      2.13% |      2.21% |      2.19% |      3.32% |      2.13% |      2.19% |      2.20%
    mpki                             |       0.06 |       0.14 |       0.14 |       0.14 |       0.06 |       0.14 |       0.14 |       0.14 |       0.06 |       0.14 |       0.14 |       0.14 |       0.06 |       0.14 |       0.14 |       0.14
Cache Summary                        |            |            |            |            |            |            |            |            |            |            |            |            |            |            |            |           
  Cache L1-I                         |            |            |            |            |            |            |            |            |            |            |            |            |            |            |            |           
    num cache accesses               |   13562529 |    2431488 |    2724246 |    2528953 |   13562491 |    2431558 |    2724125 |    2529166 |   13562535 |    2431468 |    2724166 |    2529042 |   13562538 |    2431526 |    2724003 |    2529097
    num cache misses                 |       8764 |       1244 |       1262 |       1201 |       8763 |       1249 |       1281 |       1261 |       8753 |       1227 |       1282 |       1229 |       8783 |       1239 |       1187 |       1244
    miss rate                        |      0.06% |      0.05% |      0.05% |      0.05% |      0.06% |      0.05% |      0.05% |      0.05% |      0.06% |      0.05% |      0.05% |      0.05% |      0.06% |      0.05% |      0.04% |      0.05%
    mpki                             |       0.08 |       0.04 |       0.04 |       0.04 |       0.08 |       0.04 |       0.04 |       0.04 |       0.08 |       0.04 |       0.04 |       0.04 |       0.08 |       0.04 |       0.04 |       0.04
  Cache L1-D                         |            |            |            |            |            |            |            |            |            |            |            |            |            |            |            |           
    num cache accesses               |   34790430 |    5155865 |    5156513 |    5155591 |   34790372 |    5156206 |    5156111 |    5156362 |   34790469 |    5155830 |    5156203 |    5155926 |   34790469 |    5155943 |    5155489 |    5156244
    num cache misses                 |     328142 |     186823 |     187024 |     186946 |     328105 |     186833 |     187010 |     186988 |     328333 |     186829 |     187023 |     186958 |     328060 |     186835 |     186934 |     186967
    miss rate                        |      0.94% |      3.62% |      3.63% |      3.63% |      0.94% |      3.62% |      3.63% |      3.63% |      0.94% |      3.62% |      3.63% |      3.63% |      0.94% |      3.62% |      3.63% |      3.63%
    mpki                             |       2.95 |       6.49 |       6.50 |       6.50 |       2.95 |       6.49 |       6.50 |       6.50 |       2.95 |       6.49 |       6.50 |       6.50 |       2.95 |       6.49 |       6.50 |       6.50
  Cache L2                           |            |            |            |            |            |            |            |            |            |            |            |            |            |            |            |           
    num cache accesses               |     370165 |     221019 |     221238 |     221096 |     370118 |     221037 |     221243 |     221196 |     370333 |     221010 |     221261 |     221138 |     370077 |     221029 |     221071 |     221165
    num cache misses                 |     297378 |     150992 |     151157 |     151052 |     297259 |     150974 |     151173 |     151108 |     297228 |     150981 |     151214 |     151058 |     297383 |     151007 |     151035 |     151076
    miss rate                        |     80.34% |     68.32% |     68.32% |     68.32% |     80.31% |     68.30% |     68.33% |     68.31% |     80.26% |     68.31% |     68.34% |     68.31% |     80.36% |     68.32% |     68.32% |     68.31%
    mpki                             |       2.67 |       5.25 |       5.25 |       5.25 |       2.67 |       5.25 |       5.25 |       5.25 |       2.67 |       5.25 |       5.25 |       5.25 |       2.67 |       5.25 |       5.25 |       5.25
DRAM summary                         |            |            |            |            |            |            |            |            |            |            |            |            |            |            |            |           
  num dram accesses                  |     302027 |     301771 |     302119 |     302690 |     302208 |     302506 |     303430 |     302538 |     302884 |     303149 |     303030 |     303055 |     303097 |     303004 |     303173 |     303016
  average dram access latency (ns)   |      49.60 |      48.57 |      50.48 |      53.39 |      50.83 |      55.63 |      53.75 |      48.96 |      48.04 |      50.63 |      48.74 |      50.33 |      47.91 |      46.88 |      50.21 |      50.79
  average dram queueing delay        |      26.17 |      25.14 |      27.05 |      29.96 |      27.40 |      32.20 |      30.32 |      25.53 |      24.61 |      27.21 |      25.31 |      26.90 |      24.48 |      23.46 |      26.78 |      27.36
  average dram bandwidth utilization |     17.00% |     17.00% |     17.00% |     18.00% |     17.00% |     18.00% |     18.00% |     18.00% |     18.00% |     18.00% |     18.00% |     18.00% |     18.00% |     18.00% |     18.00% |     18.00%
Coherency Traffic                    |            |            |            |            |            |            |            |            |            |            |            |            |            |            |            |           
  num loads from dram                |     107954 |      99892 |      99904 |      99723 |     107862 |      99861 |      99905 |      99793 |     107887 |     100013 |      99914 |      99595 |     107948 |      99833 |      99861 |      99794
  num loads from dram cache          |          0 |          0 |          0 |          0 |          0 |          0 |          0 |          0 |          0 |          0 |          0 |          0 |          0 |          0 |          0 |          0
  num loads from remote cache        |        288 |        241 |        241 |        348 |        294 |        284 |        229 |        309 |        296 |        126 |        230 |        482 |        294 |        308 |        208 |        301
