                                     | Core 0     | Core 1     | Core 2     | Core 3     | Core 4     | Core 5     | Core 6     | Core 7     | Core 8     | Core 9     | Core 10    | Core 11    | Core 12    | Core 13    | Core 14    | Core 15   
  Instructions                       |     268468 |          0 |          0 |          0 |     268468 |          0 |          0 |          0 |     268468 |          0 |          0 |          0 |     268468 |          0 |          0 |          0
  Cycles                             |     542400 |     542400 |     542400 |     542400 |     542400 |     542400 |     542400 |     542400 |     542400 |     542400 |     542400 |     542400 |     542400 |     542400 |     542400 |     542400
  IPC                                |       0.49 |       0.00 |       0.00 |       0.00 |       0.49 |       0.00 |       0.00 |       0.00 |       0.49 |       0.00 |       0.00 |       0.00 |       0.49 |       0.00 |       0.00 |       0.00
  Time (ns)                          |     135600 |     135600 |     135600 |     135600 |     135600 |     135600 |     135600 |     135600 |     135600 |     135600 |     135600 |     135600 |     135600 |     135600 |     135600 |     135600
  Idle time (ns)                     |       1232 |     135600 |     135600 |     135600 |       2028 |     135600 |     135600 |     135600 |       2029 |     135600 |     135600 |     135600 |       1000 |     135600 |     135600 |     135600
  Idle time (%)                      |       0.9% |     100.0% |     100.0% |     100.0% |       1.5% |     100.0% |     100.0% |     100.0% |       1.5% |     100.0% |     100.0% |     100.0% |       0.7% |     100.0% |     100.0% |     100.0%
Branch predictor stats               |            |            |            |            |            |            |            |            |            |            |            |            |            |            |            |           
  num correct                        |      43035 |          0 |          0 |          0 |      43026 |          0 |          0 |          0 |      43019 |          0 |          0 |          0 |      43029 |          0 |          0 |          0
  num incorrect                      |       5467 |          0 |          0 |          0 |       5476 |          0 |          0 |          0 |       5483 |          0 |          0 |          0 |       5473 |          0 |          0 |          0
  misprediction rate                 |     11.27% |      0.00% |      0.00% |      0.00% |     11.29% |      0.00% |      0.00% |      0.00% |     11.30% |      0.00% |      0.00% |      0.00% |     11.28% |      0.00% |      0.00% |      0.00%
  mpki                               |      20.36 |       0.00 |       0.00 |       0.00 |      20.40 |       0.00 |       0.00 |       0.00 |      20.42 |       0.00 |       0.00 |       0.00 |      20.39 |       0.00 |       0.00 |       0.00
TLB Summary                          |            |            |            |            |            |            |            |            |            |            |            |            |            |            |            |           
  I-TLB                              |            |            |            |            |            |            |            |            |            |            |            |            |            |            |            |           
    num accesses                     |      33226 |          0 |          0 |          0 |      33226 |          0 |          0 |          0 |      33226 |          0 |          0 |          0 |      33226 |          0 |          0 |          0
    num misses                       |         92 |          0 |          0 |          0 |         92 |          0 |          0 |          0 |         92 |          0 |          0 |          0 |         92 |          0 |          0 |          0
    miss rate                        |      0.28% |      0.00% |      0.00% |      0.00% |      0.28% |      0.00% |      0.00% |      0.00% |      0.28% |      0.00% |      0.00% |      0.00% |      0.28% |      0.00% |      0.00% |      0.00%
    mpki                             |       0.34 |       0.00 |       0.00 |       0.00 |       0.34 |       0.00 |       0.00 |       0.00 |       0.34 |       0.00 |       0.00 |       0.00 |       0.34 |       0.00 |       0.00 |       0.00
  D-TLB                              |            |            |            |            |            |            |            |            |            |            |            |            |            |            |            |           
    num accesses                     |      84024 |          0 |          0 |          0 |      84021 |          0 |          0 |          0 |      84021 |          0 |          0 |          0 |      84024 |          0 |          0 |          0
    num misses                       |        128 |          0 |          0 |          0 |        146 |          0 |          0 |          0 |        160 |          0 |          0 |          0 |        139 |          0 |          0 |          0
    miss rate                        |      0.15% |      0.00% |      0.00% |      0.00% |      0.17% |      0.00% |      0.00% |      0.00% |      0.19% |      0.00% |      0.00% |      0.00% |      0.17% |      0.00% |      0.00% |      0.00%
    mpki                             |       0.48 |       0.00 |       0.00 |       0.00 |       0.54 |       0.00 |       0.00 |       0.00 |       0.60 |       0.00 |       0.00 |       0.00 |       0.52 |       0.00 |       0.00 |       0.00
  L2 TLB                             |            |            |            |            |            |            |            |            |            |            |            |            |            |            |            |           
    num accesses                     |        220 |          0 |          0 |          0 |        238 |          0 |          0 |          0 |        252 |          0 |          0 |          0 |        231 |          0 |          0 |          0
    num misses                       |        185 |          0 |          0 |          0 |        186 |          0 |          0 |          0 |        185 |          0 |          0 |          0 |        185 |          0 |          0 |          0
    miss rate                        |     84.09% |      0.00% |      0.00% |      0.00% |     78.15% |      0.00% |      0.00% |      0.00% |     73.41% |      0.00% |      0.00% |      0.00% |     80.09% |      0.00% |      0.00% |      0.00%
    mpki                             |       0.69 |       0.00 |       0.00 |       0.00 |       0.69 |       0.00 |       0.00 |       0.00 |       0.69 |       0.00 |       0.00 |       0.00 |       0.69 |       0.00 |       0.00 |       0.00
Cache Summary                        |            |            |            |            |            |            |            |            |            |            |            |            |            |            |            |           
  Cache L1-I                         |            |            |            |            |            |            |            |            |            |            |            |            |            |            |            |           
    num cache accesses               |      33226 |          0 |          0 |          0 |      33226 |          0 |          0 |          0 |      33226 |          0 |          0 |          0 |      33226 |          0 |          0 |          0
    num cache misses                 |       2415 |          0 |          0 |          0 |       2415 |          0 |          0 |          0 |       2415 |          0 |          0 |          0 |       2416 |          0 |          0 |          0
    miss rate                        |      7.27% |       inf% |       inf% |       inf% |      7.27% |       inf% |       inf% |       inf% |      7.27% |       inf% |       inf% |       inf% |      7.27% |       inf% |       inf% |       inf%
    mpki                             |       9.00 |        inf |        inf |        inf |       9.00 |        inf |        inf |        inf |       9.00 |        inf |        inf |        inf |       9.00 |        inf |        inf |        inf
  Cache L1-D                         |            |            |            |            |            |            |            |            |            |            |            |            |            |            |            |           
    num cache accesses               |      84024 |          0 |          0 |          0 |      84021 |          0 |          0 |          0 |      84021 |          0 |          0 |          0 |      84024 |          0 |          0 |          0
    num cache misses                 |       4379 |          0 |          0 |          0 |       4380 |          0 |          0 |          0 |       4389 |          0 |          0 |          0 |       4384 |          0 |          0 |          0
    miss rate                        |      5.21% |       inf% |       inf% |       inf% |      5.21% |       inf% |       inf% |       inf% |      5.22% |       inf% |       inf% |       inf% |      5.22% |       inf% |       inf% |       inf%
    mpki                             |      16.31 |        inf |        inf |        inf |      16.31 |        inf |        inf |        inf |      16.35 |        inf |        inf |        inf |      16.33 |        inf |        inf |        inf
  Cache L2                           |            |            |            |            |            |            |            |            |            |            |            |            |            |            |            |           
    num cache accesses               |       6914 |          0 |          0 |          0 |       6918 |          0 |          0 |          0 |       6927 |          0 |          0 |          0 |       6926 |          0 |          0 |          0
    num cache misses                 |       5208 |          0 |          0 |          0 |       5196 |          0 |          0 |          0 |       5212 |          0 |          0 |          0 |       5198 |          0 |          0 |          0
    miss rate                        |     75.33% |       inf% |       inf% |       inf% |     75.11% |       inf% |       inf% |       inf% |     75.24% |       inf% |       inf% |       inf% |     75.05% |       inf% |       inf% |       inf%
    mpki                             |      19.40 |        inf |        inf |        inf |      19.35 |        inf |        inf |        inf |      19.41 |        inf |        inf |        inf |      19.36 |        inf |        inf |        inf
DRAM summary                         |            |            |            |            |            |            |            |            |            |            |            |            |            |            |            |           
  num dram accesses                  |       1603 |       1596 |       1473 |       1508 |       1518 |       1504 |       1475 |       1528 |       1543 |       1548 |       1418 |       1305 |       1459 |       1528 |       1606 |       1609
  average dram access latency (ns)   |      25.67 |      25.20 |      24.63 |      25.18 |      25.03 |      24.96 |      25.25 |      25.69 |      25.13 |      25.25 |      24.77 |      24.72 |      25.15 |      25.41 |      25.55 |      25.21
  average dram queueing delay        |       2.24 |       1.77 |       1.20 |       1.75 |       1.60 |       1.53 |       1.82 |       2.26 |       1.70 |       1.82 |       1.34 |       1.29 |       1.72 |       1.98 |       2.12 |       1.78
  average dram bandwidth utilization |      9.00% |      9.00% |      9.00% |      9.00% |      9.00% |      9.00% |      9.00% |      9.00% |      9.00% |      9.00% |      8.00% |      8.00% |      9.00% |      9.00% |      9.00% |     10.00%
Coherency Traffic                    |            |            |            |            |            |            |            |            |            |            |            |            |            |            |            |           
  num loads from dram                |       3139 |          0 |          0 |          0 |       3127 |          0 |          0 |          0 |       3143 |          0 |          0 |          0 |       3138 |          0 |          0 |          0
  num loads from dram cache          |          0 |          0 |          0 |          0 |          0 |          0 |          0 |          0 |          0 |          0 |          0 |          0 |          0 |          0 |          0 |          0
  num loads from remote cache        |          0 |          0 |          0 |          0 |          0 |          0 |          0 |          0 |          0 |          0 |          0 |          0 |          0 |          0 |          0 |          0
