                                     | Core 0     | Core 1     | Core 2     | Core 3     | Core 4     | Core 5     | Core 6     | Core 7     | Core 8     | Core 9     | Core 10    | Core 11    | Core 12    | Core 13    | Core 14    | Core 15   
  Instructions                       |  326958962 |  180516253 |  196490438 |  189563443 |  326858531 |  180684525 |  196855023 |  189591288 |  326928149 |  180826724 |  196409520 |  189553213 |  326349107 |  180622443 |  196487446 |  189115620
  Cycles                             |  343888800 |  343888800 |  343888800 |  343888800 |  343888800 |  343888800 |  343888800 |  343888800 |  343888800 |  343888800 |  343888800 |  343888800 |  343888800 |  343888800 |  343888800 |  343888800
  IPC                                |       0.95 |       0.52 |       0.57 |       0.55 |       0.95 |       0.53 |       0.57 |       0.55 |       0.95 |       0.53 |       0.57 |       0.55 |       0.95 |       0.53 |       0.57 |       0.55
  Time (ns)                          |   85972200 |   85972200 |   85972200 |   85972200 |   85972200 |   85972200 |   85972200 |   85972200 |   85972200 |   85972200 |   85972200 |   85972200 |   85972200 |   85972200 |   85972200 |   85972200
  Idle time (ns)                     |    1858448 |   41969185 |   43389007 |   42018608 |    1762868 |   41878938 |   43296928 |   41922250 |    1860950 |   41894894 |   43346587 |   41939806 |    2281154 |   41915296 |   43539037 |   41956237
  Idle time (%)                      |       2.2% |      48.8% |      50.5% |      48.9% |       2.1% |      48.7% |      50.4% |      48.8% |       2.2% |      48.7% |      50.4% |      48.8% |       2.7% |      48.8% |      50.6% |      48.8%
Branch predictor stats               |            |            |            |            |            |            |            |            |            |            |            |            |            |            |            |           
  num correct                        |   30922184 |    7369528 |   13929776 |   11843054 |   30892395 |    7425156 |   14051939 |   11850598 |   30921562 |    7472146 |   13903393 |   11839725 |   30723208 |    7405345 |   13929176 |   11692750
  num incorrect                      |    2002729 |     207460 |     172329 |     187995 |    1999068 |     208128 |     171829 |     189579 |    1993078 |     208522 |     171893 |     187938 |    1998408 |     207284 |     172110 |     188905
  misprediction rate                 |      6.08% |      2.74% |      1.22% |      1.56% |      6.08% |      2.73% |      1.21% |      1.57% |      6.06% |      2.71% |      1.22% |      1.56% |      6.11% |      2.72% |      1.22% |      1.59%
  mpki                               |       6.13 |       1.15 |       0.88 |       0.99 |       6.12 |       1.15 |       0.87 |       1.00 |       6.10 |       1.15 |       0.88 |       0.99 |       6.12 |       1.15 |       0.88 |       1.00
TLB Summary                          |            |            |            |            |            |            |            |            |            |            |            |            |            |            |            |           
  I-TLB                              |            |            |            |            |            |            |            |            |            |            |            |            |            |            |            |           
    num accesses                     |   29696589 |   15362406 |   15820746 |   14930237 |   29696600 |   15362293 |   15820692 |   14930308 |   29696617 |   15362322 |   15820683 |   14930224 |   29696631 |   15362296 |   15820633 |   14930247
    num misses                       |        162 |         51 |         50 |         49 |        164 |         50 |         50 |         50 |        160 |         50 |         50 |         51 |        159 |         51 |         50 |         50
    miss rate                        |      0.00% |      0.00% |      0.00% |      0.00% |      0.00% |      0.00% |      0.00% |      0.00% |      0.00% |      0.00% |      0.00% |      0.00% |      0.00% |      0.00% |      0.00% |      0.00%
    mpki                             |       0.00 |       0.00 |       0.00 |       0.00 |       0.00 |       0.00 |       0.00 |       0.00 |       0.00 |       0.00 |       0.00 |       0.00 |       0.00 |       0.00 |       0.00 |       0.00
  D-TLB                              |            |            |            |            |            |            |            |            |            |            |            |            |            |            |            |           
    num accesses                     |  122107849 |   62405460 |   62320495 |   63025480 |  122074349 |   62461466 |   62441932 |   63034820 |  122097433 |   62508893 |   62293500 |   63022033 |  121894971 |   62440799 |   62319484 |   62876252
    num misses                       |      47159 |      19314 |      18281 |      20095 |      48250 |      18830 |      17089 |      22061 |      51722 |      19507 |      20643 |      20431 |      48115 |      19098 |      16617 |      23344
    miss rate                        |      0.04% |      0.03% |      0.03% |      0.03% |      0.04% |      0.03% |      0.03% |      0.03% |      0.04% |      0.03% |      0.03% |      0.03% |      0.04% |      0.03% |      0.03% |      0.04%
    mpki                             |       0.14 |       0.11 |       0.09 |       0.11 |       0.15 |       0.10 |       0.09 |       0.12 |       0.16 |       0.11 |       0.11 |       0.11 |       0.15 |       0.11 |       0.08 |       0.12
  L2 TLB                             |            |            |            |            |            |            |            |            |            |            |            |            |            |            |            |           
    num accesses                     |      47321 |      19365 |      18331 |      20144 |      48414 |      18880 |      17139 |      22111 |      51882 |      19557 |      20693 |      20482 |      48274 |      19149 |      16667 |      23394
    num misses                       |      18334 |       5702 |       4780 |       6435 |      18265 |       5692 |       4791 |       6604 |      18322 |       5672 |       4794 |       6517 |      18409 |       5757 |       4770 |       6686
    miss rate                        |     38.74% |     29.44% |     26.08% |     31.94% |     37.73% |     30.15% |     27.95% |     29.87% |     35.31% |     29.00% |     23.17% |     31.82% |     38.13% |     30.06% |     28.62% |     28.58%
    mpki                             |       0.06 |       0.03 |       0.02 |       0.03 |       0.06 |       0.03 |       0.02 |       0.03 |       0.06 |       0.03 |       0.02 |       0.03 |       0.06 |       0.03 |       0.02 |       0.04
Cache Summary                        |            |            |            |            |            |            |            |            |            |            |            |            |            |            |            |           
  Cache L1-I                         |            |            |            |            |            |            |            |            |            |            |            |            |            |            |            |           
    num cache accesses               |   29696589 |   15362406 |   15820746 |   14930237 |   29696600 |   15362293 |   15820692 |   14930308 |   29696617 |   15362322 |   15820683 |   14930224 |   29696631 |   15362296 |   15820633 |   14930247
    num cache misses                 |     217301 |     189459 |     175178 |     182489 |     217105 |     189454 |     175302 |     182115 |     217297 |     189321 |     175135 |     182055 |     217415 |     189488 |     175020 |     182204
    miss rate                        |      0.73% |      1.23% |      1.11% |      1.22% |      0.73% |      1.23% |      1.11% |      1.22% |      0.73% |      1.23% |      1.11% |      1.22% |      0.73% |      1.23% |      1.11% |      1.22%
    mpki                             |       0.66 |       1.05 |       0.89 |       0.96 |       0.66 |       1.05 |       0.89 |       0.96 |       0.66 |       1.05 |       0.89 |       0.96 |       0.67 |       1.05 |       0.89 |       0.96
  Cache L1-D                         |            |            |            |            |            |            |            |            |            |            |            |            |            |            |            |           
    num cache accesses               |  122107849 |   62405460 |   62320495 |   63025480 |  122074349 |   62461466 |   62441932 |   63034820 |  122097433 |   62508893 |   62293500 |   63022033 |  121894971 |   62440799 |   62319484 |   62876252
    num cache misses                 |    2227888 |    1190858 |    1073466 |    1162442 |    2230317 |    1189963 |    1074311 |    1162123 |    2224777 |    1189941 |    1073126 |    1162036 |    2226981 |    1190090 |    1072956 |    1161931
    miss rate                        |      1.82% |      1.91% |      1.72% |      1.84% |      1.83% |      1.91% |      1.72% |      1.84% |      1.82% |      1.90% |      1.72% |      1.84% |      1.83% |      1.91% |      1.72% |      1.85%
    mpki                             |       6.81 |       6.60 |       5.46 |       6.13 |       6.82 |       6.59 |       5.46 |       6.13 |       6.81 |       6.58 |       5.46 |       6.13 |       6.82 |       6.59 |       5.46 |       6.14
  Cache L2                           |            |            |            |            |            |            |            |            |            |            |            |            |            |            |            |           
    num cache accesses               |    2971499 |    1820856 |    1625637 |    1746369 |    2973268 |    1820130 |    1625957 |    1745711 |    2968987 |    1819432 |    1627149 |    1745089 |    2973055 |    1820328 |    1625215 |    1746477
    num cache misses                 |    1870019 |     823076 |     672360 |     784168 |    1868558 |     823019 |     675151 |     783824 |    1869424 |     822090 |     674565 |     784761 |    1871095 |     821604 |     671385 |     785699
    miss rate                        |     62.93% |     45.20% |     41.36% |     44.90% |     62.85% |     45.22% |     41.52% |     44.90% |     62.97% |     45.18% |     41.46% |     44.97% |     62.94% |     45.13% |     41.31% |     44.99%
    mpki                             |       5.72 |       4.56 |       3.42 |       4.14 |       5.72 |       4.56 |       3.43 |       4.13 |       5.72 |       4.55 |       3.43 |       4.14 |       5.73 |       4.55 |       3.42 |       4.15
DRAM summary                         |            |            |            |            |            |            |            |            |            |            |            |            |            |            |            |           
  num dram accesses                  |    1736902 |    1719720 |    1676631 |    1665504 |    1661916 |    1664199 |    1682329 |    1659996 |    1644469 |    1645539 |    1628839 |    1621170 |    1611363 |    1643944 |    1672348 |    1709143
  average dram access latency (ns)   |      26.63 |      26.42 |      26.28 |      26.23 |      26.25 |      26.23 |      26.25 |      26.22 |      26.16 |      26.18 |      26.12 |      26.15 |      26.18 |      26.21 |      26.31 |      26.57
  average dram queueing delay        |       3.20 |       2.99 |       2.86 |       2.81 |       2.83 |       2.80 |       2.82 |       2.79 |       2.73 |       2.75 |       2.69 |       2.72 |       2.75 |       2.78 |       2.88 |       3.14
  average dram bandwidth utilization |     17.00% |     16.00% |     16.00% |     16.00% |     16.00% |     16.00% |     16.00% |     16.00% |     16.00% |     16.00% |     15.00% |     15.00% |     15.00% |     16.00% |     16.00% |     16.00%
Coherency Traffic                    |            |            |            |            |            |            |            |            |            |            |            |            |            |            |            |           
  num loads from dram                |    1103158 |     642660 |     578306 |     605077 |    1104830 |     641162 |     579463 |     606156 |    1103629 |     641797 |     579774 |     606026 |    1105267 |     643331 |     576504 |     607387
  num loads from dram cache          |          0 |          0 |          0 |          0 |          0 |          0 |          0 |          0 |          0 |          0 |          0 |          0 |          0 |          0 |          0 |          0
  num loads from remote cache        |      32027 |      18715 |      24435 |      35741 |      30032 |      20378 |      25464 |      34078 |      31944 |      19848 |      24081 |      34441 |      32313 |      18982 |      25705 |      33990
