                                     | Core 0     | Core 1     | Core 2     | Core 3     | Core 4     | Core 5     | Core 6     | Core 7     | Core 8     | Core 9     | Core 10    | Core 11    | Core 12    | Core 13    | Core 14    | Core 15   
  Instructions                       |   82078044 |   81364873 |   81233214 |   81302013 |   82073265 |   81308066 |   81227116 |   81371359 |   82144451 |   81302875 |   81235406 |   81296803 |   82086996 |   81361019 |   81230988 |   81298204
  Cycles                             |  389055200 |  389055200 |  389055200 |  389055200 |  389055200 |  389055200 |  389055200 |  389055200 |  389055200 |  389055200 |  389055200 |  389055200 |  389055200 |  389055200 |  389055200 |  389055200
  IPC                                |       0.21 |       0.21 |       0.21 |       0.21 |       0.21 |       0.21 |       0.21 |       0.21 |       0.21 |       0.21 |       0.21 |       0.21 |       0.21 |       0.21 |       0.21 |       0.21
  Time (ns)                          |   97263800 |   97263800 |   97263800 |   97263800 |   97263800 |   97263800 |   97263800 |   97263800 |   97263800 |   97263800 |   97263800 |   97263800 |   97263800 |   97263800 |   97263800 |   97263800
  Idle time (ns)                     |    3772984 |    2973465 |    2657979 |    2475937 |    4373747 |    2409778 |    2215099 |    3625017 |    2933434 |    2316333 |    2574080 |    3406362 |    2587351 |    2866100 |    2664199 |    3779897
  Idle time (%)                      |       3.9% |       3.1% |       2.7% |       2.5% |       4.5% |       2.5% |       2.3% |       3.7% |       3.0% |       2.4% |       2.6% |       3.5% |       2.7% |       2.9% |       2.7% |       3.9%
Branch predictor stats               |            |            |            |            |            |            |            |            |            |            |            |            |            |            |            |           
  num correct                        |    3804359 |    3691956 |    3687404 |    3691454 |    3803945 |    3693593 |    3687435 |    3693829 |    3808324 |    3692820 |    3688887 |    3689824 |    3809316 |    3692934 |    3688211 |    3689994
  num incorrect                      |      24114 |      14580 |      17830 |      15013 |      23516 |      14083 |      16769 |      13942 |      20233 |      13839 |      16866 |      16065 |      20265 |      12921 |      16808 |      16233
  misprediction rate                 |      0.63% |      0.39% |      0.48% |      0.41% |      0.61% |      0.38% |      0.45% |      0.38% |      0.53% |      0.37% |      0.46% |      0.43% |      0.53% |      0.35% |      0.45% |      0.44%
  mpki                               |       0.29 |       0.18 |       0.22 |       0.18 |       0.29 |       0.17 |       0.21 |       0.17 |       0.25 |       0.17 |       0.21 |       0.20 |       0.25 |       0.16 |       0.21 |       0.20
TLB Summary                          |            |            |            |            |            |            |            |            |            |            |            |            |            |            |            |           
  I-TLB                              |            |            |            |            |            |            |            |            |            |            |            |            |            |            |            |           
    num accesses                     |    8684256 |    8642716 |    8642332 |    8642140 |    8683150 |    8643221 |    8641066 |    8644120 |    8682976 |    8642288 |    8642947 |    8643387 |    8683530 |    8641927 |    8642033 |    8643752
    num misses                       |        151 |         53 |         53 |         52 |        151 |         52 |         53 |         53 |        151 |         52 |         53 |         53 |        151 |         53 |         53 |         53
    miss rate                        |      0.00% |      0.00% |      0.00% |      0.00% |      0.00% |      0.00% |      0.00% |      0.00% |      0.00% |      0.00% |      0.00% |      0.00% |      0.00% |      0.00% |      0.00% |      0.00%
    mpki                             |       0.00 |       0.00 |       0.00 |       0.00 |       0.00 |       0.00 |       0.00 |       0.00 |       0.00 |       0.00 |       0.00 |       0.00 |       0.00 |       0.00 |       0.00 |       0.00
  D-TLB                              |            |            |            |            |            |            |            |            |            |            |            |            |            |            |            |           
    num accesses                     |   29829600 |   29755468 |   29564646 |   29723939 |   29828222 |   29726295 |   29562456 |   29757866 |   29988733 |   29724391 |   29565414 |   29596207 |   29959308 |   29754074 |   29563902 |   29596648
    num misses                       |    2841719 |    2823297 |    2817531 |    2827932 |    2841905 |    2828024 |    2817833 |    2823549 |    2824390 |    2827838 |    2817556 |    2840412 |    2828999 |    2823320 |    2817466 |    2840299
    miss rate                        |      9.53% |      9.49% |      9.53% |      9.51% |      9.53% |      9.51% |      9.53% |      9.49% |      9.42% |      9.51% |      9.53% |      9.60% |      9.44% |      9.49% |      9.53% |      9.60%
    mpki                             |      34.62 |      34.70 |      34.68 |      34.78 |      34.63 |      34.78 |      34.69 |      34.70 |      34.38 |      34.78 |      34.68 |      34.94 |      34.46 |      34.70 |      34.68 |      34.94
  L2 TLB                             |            |            |            |            |            |            |            |            |            |            |            |            |            |            |            |           
    num accesses                     |    2841870 |    2823350 |    2817584 |    2827984 |    2842056 |    2828076 |    2817886 |    2823602 |    2824541 |    2827890 |    2817609 |    2840465 |    2829150 |    2823373 |    2817519 |    2840352
    num misses                       |    1145414 |    1300412 |    2201928 |    2198715 |    1145541 |    2199069 |    2202155 |    1299944 |    1301456 |    2198625 |    2201977 |    1144134 |    2200374 |    1300382 |    2202070 |    1144225
    miss rate                        |     40.30% |     46.06% |     78.15% |     77.75% |     40.31% |     77.76% |     78.15% |     46.04% |     46.08% |     77.75% |     78.15% |     40.28% |     77.78% |     46.06% |     78.16% |     40.28%
    mpki                             |      13.96 |      15.98 |      27.11 |      27.04 |      13.96 |      27.05 |      27.11 |      15.98 |      15.84 |      27.04 |      27.11 |      14.07 |      26.81 |      15.98 |      27.11 |      14.07
Cache Summary                        |            |            |            |            |            |            |            |            |            |            |            |            |            |            |            |           
  Cache L1-I                         |            |            |            |            |            |            |            |            |            |            |            |            |            |            |            |           
    num cache accesses               |    8684256 |    8642716 |    8642332 |    8642140 |    8683150 |    8643221 |    8641066 |    8644120 |    8682976 |    8642288 |    8642947 |    8643387 |    8683530 |    8641927 |    8642033 |    8643752
    num cache misses                 |      84443 |      91673 |      39085 |      47085 |      44228 |      44689 |      68141 |      36237 |      95768 |      46884 |      39531 |      80266 |      51367 |      91357 |      39062 |      80177
    miss rate                        |      0.97% |      1.06% |      0.45% |      0.54% |      0.51% |      0.52% |      0.79% |      0.42% |      1.10% |      0.54% |      0.46% |      0.93% |      0.59% |      1.06% |      0.45% |      0.93%
    mpki                             |       1.03 |       1.13 |       0.48 |       0.58 |       0.54 |       0.55 |       0.84 |       0.45 |       1.17 |       0.58 |       0.49 |       0.99 |       0.63 |       1.12 |       0.48 |       0.99
  Cache L1-D                         |            |            |            |            |            |            |            |            |            |            |            |            |            |            |            |           
    num cache accesses               |   29829600 |   29755468 |   29564646 |   29723939 |   29828222 |   29726295 |   29562456 |   29757866 |   29988733 |   29724391 |   29565414 |   29596207 |   29959308 |   29754074 |   29563902 |   29596648
    num cache misses                 |    5247131 |    5209575 |    5203571 |    5189919 |    5243519 |    5193183 |    5206952 |    5208889 |    5234054 |    5190225 |    5203824 |    5213140 |    5215588 |    5209117 |    5203534 |    5213517
    miss rate                        |     17.59% |     17.51% |     17.60% |     17.46% |     17.58% |     17.47% |     17.61% |     17.50% |     17.45% |     17.46% |     17.60% |     17.61% |     17.41% |     17.51% |     17.60% |     17.62%
    mpki                             |      63.93 |      64.03 |      64.06 |      63.84 |      63.89 |      63.87 |      64.10 |      64.01 |      63.72 |      63.84 |      64.06 |      64.12 |      63.54 |      64.02 |      64.06 |      64.13
  Cache L2                           |            |            |            |            |            |            |            |            |            |            |            |            |            |            |            |           
    num cache accesses               |    5914717 |    5877852 |    5822066 |    5813634 |    5870564 |    5814729 |    5854592 |    5822291 |    5908534 |    5813752 |    5822759 |    5872862 |    5846433 |    5877005 |    5821705 |    5873399
    num cache misses                 |    5217025 |    5177818 |    5124966 |    5112321 |    5166050 |    5114124 |    5167527 |    5114119 |    5207387 |    5112506 |    5125378 |    5176505 |    5143702 |    5177561 |    5124546 |    5176539
    miss rate                        |     88.20% |     88.09% |     88.03% |     87.94% |     88.00% |     87.95% |     88.26% |     87.84% |     88.13% |     87.94% |     88.02% |     88.14% |     87.98% |     88.10% |     88.02% |     88.14%
    mpki                             |      63.56 |      63.64 |      63.09 |      62.88 |      62.94 |      62.90 |      63.62 |      62.85 |      63.39 |      62.88 |      63.09 |      63.67 |      62.66 |      63.64 |      63.09 |      63.67
DRAM summary                         |            |            |            |            |            |            |            |            |            |            |            |            |            |            |            |           
  num dram accesses                  |    7062172 |    7047193 |    7049996 |    7035963 |    7026106 |    6978221 |    7023112 |    7029293 |    7003734 |    7023598 |    7020773 |    7022883 |    7016477 |    7062896 |    7116018 |    7069808
  average dram access latency (ns)   |      94.62 |      87.62 |      82.76 |      84.81 |      83.18 |      78.91 |      79.95 |      85.01 |      77.86 |      76.70 |      76.93 |      86.84 |      75.14 |     126.22 |      93.30 |      81.58
  average dram queueing delay        |      71.19 |      64.19 |      59.33 |      61.38 |      59.75 |      55.48 |      56.52 |      61.58 |      54.43 |      53.27 |      53.50 |      63.41 |      51.71 |     102.79 |      69.87 |      58.15
  average dram bandwidth utilization |     61.00% |     61.00% |     61.00% |     60.00% |     60.00% |     60.00% |     60.00% |     60.00% |     60.00% |     60.00% |     60.00% |     60.00% |     60.00% |     61.00% |     61.00% |     61.00%
Coherency Traffic                    |            |            |            |            |            |            |            |            |            |            |            |            |            |            |            |           
  num loads from dram                |    3643805 |    3666129 |    3598696 |    3668797 |    3632427 |    3676477 |    3604731 |    3664299 |    3695762 |    3665945 |    3603095 |    3600517 |    3681358 |    3676085 |    3602863 |    3606099
  num loads from dram cache          |          0 |          0 |          0 |          0 |          0 |          0 |          0 |          0 |          0 |          0 |          0 |          0 |          0 |          0 |          0 |          0
  num loads from remote cache        |      83582 |      45769 |     104610 |      28677 |      89067 |      23576 |     106129 |      44095 |      24010 |      31639 |     100231 |     109208 |      24971 |      35584 |      99924 |     103513
