                                     | Core 0     | Core 1     | Core 2     | Core 3     | Core 4     | Core 5     | Core 6     | Core 7     | Core 8     | Core 9     | Core 10    | Core 11    | Core 12    | Core 13    | Core 14    | Core 15   
  Instructions                       |  209145111 |  224902548 |  224943067 |  224930381 |  209145111 |  224902548 |  224943067 |  224930381 |  209145111 |  224902548 |  224940577 |  224932871 |  209145111 |  224902548 |  224943067 |  224930381
  Cycles                             |  838892400 |  838892400 |  838892400 |  838892400 |  838892400 |  838892400 |  838892400 |  838892400 |  838892400 |  838892400 |  838892400 |  838892400 |  838892400 |  838892400 |  838892400 |  838892400
  IPC                                |       0.25 |       0.27 |       0.27 |       0.27 |       0.25 |       0.27 |       0.27 |       0.27 |       0.25 |       0.27 |       0.27 |       0.27 |       0.25 |       0.27 |       0.27 |       0.27
  Time (ns)                          |  209723100 |  209723100 |  209723100 |  209723100 |  209723100 |  209723100 |  209723100 |  209723100 |  209723100 |  209723100 |  209723100 |  209723100 |  209723100 |  209723100 |  209723100 |  209723100
  Idle time (ns)                     |   83072492 |  126850250 |  127696422 |  127536348 |   83014115 |  126761142 |  127615357 |  127548502 |   83156515 |  127024207 |  127446350 |  127570318 |   83108922 |  126818840 |  127708122 |  127523294
  Idle time (%)                      |      39.6% |      60.5% |      60.9% |      60.8% |      39.6% |      60.4% |      60.8% |      60.8% |      39.7% |      60.6% |      60.8% |      60.8% |      39.6% |      60.5% |      60.9% |      60.8%
Branch predictor stats               |            |            |            |            |            |            |            |            |            |            |            |            |            |            |            |           
  num correct                        |   32469676 |   13032263 |   13128149 |   13095499 |   32448304 |   13032165 |   13128248 |   13095500 |   32456460 |   13056165 |   13099882 |   13095173 |   32464389 |   13031087 |   13128247 |   13095500
  num incorrect                      |    1846561 |     620625 |     525050 |     557377 |    1867933 |     620723 |     524951 |     557376 |    1859777 |     596723 |     553011 |     558009 |    1851848 |     621801 |     524952 |     557376
  misprediction rate                 |      5.38% |      4.55% |      3.85% |      4.08% |      5.44% |      4.55% |      3.84% |      4.08% |      5.42% |      4.37% |      4.05% |      4.09% |      5.40% |      4.55% |      3.84% |      4.08%
  mpki                               |       8.83 |       2.76 |       2.33 |       2.48 |       8.93 |       2.76 |       2.33 |       2.48 |       8.89 |       2.65 |       2.46 |       2.48 |       8.85 |       2.76 |       2.33 |       2.48
TLB Summary                          |            |            |            |            |            |            |            |            |            |            |            |            |            |            |            |           
  I-TLB                              |            |            |            |            |            |            |            |            |            |            |            |            |            |            |            |           
    num accesses                     |   30025115 |   31711289 |   31723317 |   31711591 |   30025115 |   31711289 |   31723317 |   31711591 |   30025115 |   31711289 |   31723098 |   31711810 |   30025115 |   31711289 |   31723317 |   31711591
    num misses                       |        135 |         26 |         26 |         26 |        310 |         26 |         26 |         26 |        135 |         26 |         26 |         26 |        134 |         26 |         26 |         26
    miss rate                        |      0.00% |      0.00% |      0.00% |      0.00% |      0.00% |      0.00% |      0.00% |      0.00% |      0.00% |      0.00% |      0.00% |      0.00% |      0.00% |      0.00% |      0.00% |      0.00%
    mpki                             |       0.00 |       0.00 |       0.00 |       0.00 |       0.00 |       0.00 |       0.00 |       0.00 |       0.00 |       0.00 |       0.00 |       0.00 |       0.00 |       0.00 |       0.00 |       0.00
  D-TLB                              |            |            |            |            |            |            |            |            |            |            |            |            |            |            |            |           
    num accesses                     |   73206820 |   76879478 |   76888322 |   76884674 |   73201602 |   76879478 |   76888322 |   76884674 |   73201607 |   76879478 |   76887317 |   76885679 |   73201602 |   76879478 |   76888322 |   76884674
    num misses                       |      85600 |    2935449 |    2908665 |    2964040 |     108304 |    2935449 |    3038866 |    2833840 |      85586 |    2935451 |    2834148 |    3038759 |      82518 |    3037651 |    2936373 |    2833740
    miss rate                        |      0.12% |      3.82% |      3.78% |      3.86% |      0.15% |      3.82% |      3.95% |      3.69% |      0.12% |      3.82% |      3.69% |      3.95% |      0.11% |      3.95% |      3.82% |      3.69%
    mpki                             |       0.41 |      13.05 |      12.93 |      13.18 |       0.52 |      13.05 |      13.51 |      12.60 |       0.41 |      13.05 |      12.60 |      13.51 |       0.39 |      13.51 |      13.05 |      12.60
  L2 TLB                             |            |            |            |            |            |            |            |            |            |            |            |            |            |            |            |           
    num accesses                     |      85735 |    2935475 |    2908691 |    2964066 |     108614 |    2935475 |    3038892 |    2833866 |      85721 |    2935477 |    2834174 |    3038785 |      82652 |    3037677 |    2936399 |    2833766
    num misses                       |        601 |       9904 |       1115 |        999 |        601 |       9904 |       1115 |        999 |        599 |       9904 |       1203 |       1118 |        588 |       9112 |        423 |        108
    miss rate                        |      0.70% |      0.34% |      0.04% |      0.03% |      0.55% |      0.34% |      0.04% |      0.04% |      0.70% |      0.34% |      0.04% |      0.04% |      0.71% |      0.30% |      0.01% |      0.00%
    mpki                             |       0.00 |       0.04 |       0.00 |       0.00 |       0.00 |       0.04 |       0.00 |       0.00 |       0.00 |       0.04 |       0.01 |       0.00 |       0.00 |       0.04 |       0.00 |       0.00
Cache Summary                        |            |            |            |            |            |            |            |            |            |            |            |            |            |            |            |           
  Cache L1-I                         |            |            |            |            |            |            |            |            |            |            |            |            |            |            |            |           
    num cache accesses               |   30025115 |   31711289 |   31723317 |   31711591 |   30025115 |   31711289 |   31723317 |   31711591 |   30025115 |   31711289 |   31723098 |   31711810 |   30025115 |   31711289 |   31723317 |   31711591
    num cache misses                 |   15403264 |    1645955 |    1645482 |    1646319 |   15403261 |    1648080 |    1647296 |    1646055 |   15403262 |    1648080 |    1647221 |    1646130 |   15403259 |    1645646 |    1646074 |    1646042
    miss rate                        |     51.30% |      5.19% |      5.19% |      5.19% |     51.30% |      5.20% |      5.19% |      5.19% |     51.30% |      5.20% |      5.19% |      5.19% |     51.30% |      5.19% |      5.19% |      5.19%
    mpki                             |      73.65 |       7.32 |       7.32 |       7.32 |      73.65 |       7.33 |       7.32 |       7.32 |      73.65 |       7.33 |       7.32 |       7.32 |      73.65 |       7.32 |       7.32 |       7.32
  Cache L1-D                         |            |            |            |            |            |            |            |            |            |            |            |            |            |            |            |           
    num cache accesses               |   73206820 |   76879478 |   76888322 |   76884674 |   73201602 |   76879478 |   76888322 |   76884674 |   73201607 |   76879478 |   76887317 |   76885679 |   73201602 |   76879478 |   76888322 |   76884674
    num cache misses                 |      33225 |     253407 |     254303 |     251526 |      33162 |     254720 |     255027 |     252666 |      32809 |     254717 |     254922 |     252770 |      32701 |     254099 |     253296 |     252563
    miss rate                        |      0.05% |      0.33% |      0.33% |      0.33% |      0.05% |      0.33% |      0.33% |      0.33% |      0.04% |      0.33% |      0.33% |      0.33% |      0.04% |      0.33% |      0.33% |      0.33%
    mpki                             |       0.16 |       1.13 |       1.13 |       1.12 |       0.16 |       1.13 |       1.13 |       1.12 |       0.16 |       1.13 |       1.13 |       1.12 |       0.16 |       1.13 |       1.13 |       1.12
  Cache L2                           |            |            |            |            |            |            |            |            |            |            |            |            |            |            |            |           
    num cache accesses               |   15436946 |    1899370 |    1899798 |    1897852 |   15436819 |    1902808 |    1902336 |    1898728 |   15436437 |    1902805 |    1902150 |    1898912 |   15436346 |    1899753 |    1899383 |    1898612
    num cache misses                 |      35469 |     258931 |     259052 |     257779 |      35424 |     262894 |     262112 |     259005 |      35052 |     262891 |     261959 |     259157 |      34815 |     259464 |     258739 |     258389
    miss rate                        |      0.23% |     13.63% |     13.64% |     13.58% |      0.23% |     13.82% |     13.78% |     13.64% |      0.23% |     13.82% |     13.77% |     13.65% |      0.23% |     13.66% |     13.62% |     13.61%
    mpki                             |       0.17 |       1.15 |       1.15 |       1.15 |       0.17 |       1.17 |       1.17 |       1.15 |       0.17 |       1.17 |       1.16 |       1.15 |       0.17 |       1.15 |       1.15 |       1.15
DRAM summary                         |            |            |            |            |            |            |            |            |            |            |            |            |            |            |            |           
  num dram accesses                  |     231569 |     231745 |     235745 |     232943 |     236066 |     234045 |     230222 |     233537 |     230877 |     239927 |     235699 |     236095 |     228008 |     234346 |     232722 |     230787
  average dram access latency (ns)   |      34.15 |      34.24 |      33.93 |      33.54 |      33.73 |      33.56 |      33.75 |      33.52 |      33.69 |      33.66 |      33.59 |      33.53 |      33.84 |      34.05 |      34.17 |      33.97
  average dram queueing delay        |      10.72 |      10.81 |      10.50 |      10.11 |      10.30 |      10.13 |      10.32 |      10.09 |      10.26 |      10.23 |      10.16 |      10.10 |      10.41 |      10.62 |      10.74 |      10.54
  average dram bandwidth utilization |      0.00% |      0.00% |      0.00% |      0.00% |      0.00% |      0.00% |      0.00% |      0.00% |      0.00% |      0.00% |      0.00% |      0.00% |      0.00% |      0.00% |      0.00% |      0.00%
Coherency Traffic                    |            |            |            |            |            |            |            |            |            |            |            |            |            |            |            |           
  num loads from dram                |      15579 |     216150 |     216572 |     214233 |      15503 |     218063 |     217862 |     215589 |      15294 |     218050 |     217256 |     216238 |      14933 |     216932 |     215665 |     215216
  num loads from dram cache          |          0 |          0 |          0 |          0 |          0 |          0 |          0 |          0 |          0 |          0 |          0 |          0 |          0 |          0 |          0 |          0
  num loads from remote cache        |        337 |        311 |        212 |        591 |        323 |        308 |        242 |        776 |        331 |        321 |        765 |        210 |        405 |        331 |        214 |        511
