                                     | Core 0     | Core 1     | Core 2     | Core 3     | Core 4     | Core 5     | Core 6     | Core 7     | Core 8     | Core 9     | Core 10    | Core 11    | Core 12    | Core 13    | Core 14    | Core 15   
  Instructions                       |   86002955 |   62099487 |   59356697 |   62158045 |   86003261 |   62099521 |   59354288 |   62157913 |   86003079 |   62099288 |   59355405 |   62158738 |   86002760 |   62099963 |   59354708 |   62157817
  Cycles                             |  321532800 |  321532800 |  321532800 |  321532800 |  321532800 |  321532800 |  321532800 |  321532800 |  321532800 |  321532800 |  321532800 |  321532800 |  321532800 |  321532800 |  321532800 |  321532800
  IPC                                |       0.27 |       0.19 |       0.18 |       0.19 |       0.27 |       0.19 |       0.18 |       0.19 |       0.27 |       0.19 |       0.18 |       0.19 |       0.27 |       0.19 |       0.18 |       0.19
  Time (ns)                          |   80383200 |   80383200 |   80383200 |   80383200 |   80383200 |   80383200 |   80383200 |   80383200 |   80383200 |   80383200 |   80383200 |   80383200 |   80383200 |   80383200 |   80383200 |   80383200
  Idle time (ns)                     |    9813514 |   16380441 |   17752515 |   12646494 |    5969418 |   13562384 |   13540730 |    8368260 |    5753534 |   13185433 |   13728155 |    8429634 |   13596255 |   17960019 |   19262505 |   15527320
  Idle time (%)                      |      12.2% |      20.4% |      22.1% |      15.7% |       7.4% |      16.9% |      16.8% |      10.4% |       7.2% |      16.4% |      17.1% |      10.5% |      16.9% |      22.3% |      24.0% |      19.3%
Branch predictor stats               |            |            |            |            |            |            |            |            |            |            |            |            |            |            |            |           
  num correct                        |   10407611 |    8502511 |    8126429 |    8511182 |   10411281 |    8502547 |    8126141 |    8511182 |   10407850 |    8502504 |    8126292 |    8511266 |   10407789 |    8502573 |    8126218 |    8511133
  num incorrect                      |      26172 |      19618 |      19959 |      21505 |      22550 |      19600 |      19897 |      21502 |      25970 |      19601 |      19912 |      21514 |      25969 |      19625 |      19895 |      21516
  misprediction rate                 |      0.25% |      0.23% |      0.25% |      0.25% |      0.22% |      0.23% |      0.24% |      0.25% |      0.25% |      0.23% |      0.24% |      0.25% |      0.25% |      0.23% |      0.24% |      0.25%
  mpki                               |       0.30 |       0.32 |       0.34 |       0.35 |       0.26 |       0.32 |       0.34 |       0.35 |       0.30 |       0.32 |       0.34 |       0.35 |       0.30 |       0.32 |       0.34 |       0.35
TLB Summary                          |            |            |            |            |            |            |            |            |            |            |            |            |            |            |            |           
  I-TLB                              |            |            |            |            |            |            |            |            |            |            |            |            |            |            |            |           
    num accesses                     |    5428763 |    2387553 |    2307094 |    2415044 |    5428838 |    2387559 |    2306800 |    2415032 |    5428798 |    2387512 |    2306903 |    2415089 |    5428746 |    2387664 |    2306850 |    2415017
    num misses                       |        132 |         36 |         36 |         36 |        132 |         36 |         36 |         36 |        134 |         36 |         36 |         36 |        135 |         37 |         36 |         36
    miss rate                        |      0.00% |      0.00% |      0.00% |      0.00% |      0.00% |      0.00% |      0.00% |      0.00% |      0.00% |      0.00% |      0.00% |      0.00% |      0.00% |      0.00% |      0.00% |      0.00%
    mpki                             |       0.00 |       0.00 |       0.00 |       0.00 |       0.00 |       0.00 |       0.00 |       0.00 |       0.00 |       0.00 |       0.00 |       0.00 |       0.00 |       0.00 |       0.00 |       0.00
  D-TLB                              |            |            |            |            |            |            |            |            |            |            |            |            |            |            |            |           
    num accesses                     |   35978982 |   26094850 |   24922872 |   26089223 |   35979107 |   26094869 |   24921957 |   26089222 |   35979016 |   26094796 |   24922366 |   26089544 |   35978913 |   26095015 |   24922066 |   26089198
    num misses                       |      47247 |      43770 |      41960 |      44220 |      47366 |      43772 |      41986 |      44356 |      47282 |      43777 |      41959 |      44205 |      47224 |      43889 |      41985 |      44218
    miss rate                        |      0.13% |      0.17% |      0.17% |      0.17% |      0.13% |      0.17% |      0.17% |      0.17% |      0.13% |      0.17% |      0.17% |      0.17% |      0.13% |      0.17% |      0.17% |      0.17%
    mpki                             |       0.55 |       0.70 |       0.71 |       0.71 |       0.55 |       0.70 |       0.71 |       0.71 |       0.55 |       0.70 |       0.71 |       0.71 |       0.55 |       0.71 |       0.71 |       0.71
  L2 TLB                             |            |            |            |            |            |            |            |            |            |            |            |            |            |            |            |           
    num accesses                     |      47379 |      43806 |      41996 |      44256 |      47498 |      43808 |      42022 |      44392 |      47416 |      43813 |      41995 |      44241 |      47359 |      43926 |      42021 |      44254
    num misses                       |      17142 |      13286 |      12873 |      15649 |      16974 |      13463 |      13031 |      15471 |      17061 |      13356 |      12943 |      15585 |      17035 |      13389 |      12944 |      15551
    miss rate                        |     36.18% |     30.33% |     30.65% |     35.36% |     35.74% |     30.73% |     31.01% |     34.85% |     35.98% |     30.48% |     30.82% |     35.23% |     35.97% |     30.48% |     30.80% |     35.14%
    mpki                             |       0.20 |       0.21 |       0.22 |       0.25 |       0.20 |       0.22 |       0.22 |       0.25 |       0.20 |       0.22 |       0.22 |       0.25 |       0.20 |       0.22 |       0.22 |       0.25
Cache Summary                        |            |            |            |            |            |            |            |            |            |            |            |            |            |            |            |           
  Cache L1-I                         |            |            |            |            |            |            |            |            |            |            |            |            |            |            |            |           
    num cache accesses               |    5428763 |    2387553 |    2307094 |    2415044 |    5428838 |    2387559 |    2306800 |    2415032 |    5428798 |    2387512 |    2306903 |    2415089 |    5428746 |    2387664 |    2306850 |    2415017
    num cache misses                 |      16952 |      11452 |      11459 |      11422 |      16974 |      11436 |      11346 |      11428 |      16926 |      11451 |      11362 |      11434 |      16939 |      11466 |      11318 |      11478
    miss rate                        |      0.31% |      0.48% |      0.50% |      0.47% |      0.31% |      0.48% |      0.49% |      0.47% |      0.31% |      0.48% |      0.49% |      0.47% |      0.31% |      0.48% |      0.49% |      0.48%
    mpki                             |       0.20 |       0.18 |       0.19 |       0.18 |       0.20 |       0.18 |       0.19 |       0.18 |       0.20 |       0.18 |       0.19 |       0.18 |       0.20 |       0.18 |       0.19 |       0.18
  Cache L1-D                         |            |            |            |            |            |            |            |            |            |            |            |            |            |            |            |           
    num cache accesses               |   35978982 |   26094850 |   24922872 |   26089223 |   35979107 |   26094869 |   24921957 |   26089222 |   35979016 |   26094796 |   24922366 |   26089544 |   35978913 |   26095015 |   24922066 |   26089198
    num cache misses                 |    2441302 |    2257338 |    2164229 |    2267775 |    2445256 |    2257235 |    2164530 |    2268201 |    2449286 |    2257219 |    2164594 |    2268203 |    2446554 |    2257350 |    2164168 |    2267786
    miss rate                        |      6.79% |      8.65% |      8.68% |      8.69% |      6.80% |      8.65% |      8.69% |      8.69% |      6.81% |      8.65% |      8.69% |      8.69% |      6.80% |      8.65% |      8.68% |      8.69%
    mpki                             |      28.39 |      36.35 |      36.46 |      36.48 |      28.43 |      36.35 |      36.47 |      36.49 |      28.48 |      36.35 |      36.47 |      36.49 |      28.45 |      36.35 |      36.46 |      36.48
  Cache L2                           |            |            |            |            |            |            |            |            |            |            |            |            |            |            |            |           
    num cache accesses               |    3903959 |    3644684 |    3490056 |    3659705 |    3906693 |    3643277 |    3489503 |    3659321 |    3910955 |    3643279 |    3489586 |    3659344 |    3909516 |    3644711 |    3489836 |    3659769
    num cache misses                 |    1801775 |    1644286 |    1577665 |    1657671 |    1808826 |    1642575 |    1576890 |    1656832 |    1811326 |    1642559 |    1576942 |    1656835 |    1824697 |    1644309 |    1577596 |    1657685
    miss rate                        |     46.15% |     45.11% |     45.20% |     45.30% |     46.30% |     45.09% |     45.19% |     45.28% |     46.31% |     45.08% |     45.19% |     45.28% |     46.67% |     45.11% |     45.21% |     45.29%
    mpki                             |      20.95 |      26.48 |      26.58 |      26.67 |      21.03 |      26.45 |      26.57 |      26.66 |      21.06 |      26.45 |      26.57 |      26.65 |      21.22 |      26.48 |      26.58 |      26.67
DRAM summary                         |            |            |            |            |            |            |            |            |            |            |            |            |            |            |            |           
  num dram accesses                  |    2487823 |    2570633 |    2643997 |    2729461 |    2826700 |    2930019 |    2971708 |    3039317 |    3096378 |    3123116 |    3185925 |    3245617 |    3286752 |    3343096 |    3393971 |    3444526
  average dram access latency (ns)   |      52.21 |      59.54 |      52.04 |      56.01 |      53.44 |      65.25 |      57.92 |      52.93 |      64.66 |      52.14 |      54.77 |      54.90 |      55.59 |      59.27 |      59.79 |      50.47
  average dram queueing delay        |      28.78 |      36.11 |      28.62 |      32.58 |      30.01 |      41.82 |      34.49 |      29.50 |      41.23 |      28.71 |      31.34 |      31.47 |      32.16 |      35.84 |      36.36 |      27.04
  average dram bandwidth utilization |     26.00% |     26.00% |     27.00% |     28.00% |     29.00% |     30.00% |     31.00% |     31.00% |     32.00% |     32.00% |     33.00% |     34.00% |     34.00% |     35.00% |     35.00% |     36.00%
Coherency Traffic                    |            |            |            |            |            |            |            |            |            |            |            |            |            |            |            |           
  num loads from dram                |    1715444 |    1590862 |    1534533 |    1609331 |    1718765 |    1589514 |    1530987 |    1612260 |    1721921 |    1587188 |    1534215 |    1606545 |    1733028 |    1583295 |    1532382 |    1603366
  num loads from dram cache          |          0 |          0 |          0 |          0 |          0 |          0 |          0 |          0 |          0 |          0 |          0 |          0 |          0 |          0 |          0 |          0
  num loads from remote cache        |      36873 |      42325 |      32898 |      37526 |      40619 |      41937 |      35693 |      33742 |      39984 |      44264 |      32505 |      39474 |      42277 |      49891 |      34996 |      43506
