                                     | Core 0     | Core 1     | Core 2     | Core 3     | Core 4     | Core 5     | Core 6     | Core 7     | Core 8     | Core 9     | Core 10    | Core 11    | Core 12    | Core 13    | Core 14    | Core 15   
  Instructions                       |   79364061 |   78821683 |   78431626 |   78529919 |   79265755 |   78921096 |   78430945 |   78528043 |   79260451 |   78528734 |   78430978 |   78925712 |   78961277 |   78927866 |   78423740 |   78836157
  Cycles                             |  233348000 |  233348000 |  233348000 |  233348000 |  233348000 |  233348000 |  233348000 |  233348000 |  233348000 |  233348000 |  233348000 |  233348000 |  233348000 |  233348000 |  233348000 |  233348000
  IPC                                |       0.34 |       0.34 |       0.34 |       0.34 |       0.34 |       0.34 |       0.34 |       0.34 |       0.34 |       0.34 |       0.34 |       0.34 |       0.34 |       0.34 |       0.34 |       0.34
  Time (ns)                          |   58337000 |   58337000 |   58337000 |   58337000 |   58337000 |   58337000 |   58337000 |   58337000 |   58337000 |   58337000 |   58337000 |   58337000 |   58337000 |   58337000 |   58337000 |   58337000
  Idle time (ns)                     |    2922747 |    3009287 |    3104444 |    3166595 |    2797050 |    3194882 |    3101144 |    3273104 |    2823945 |    3189867 |    3119930 |    3219842 |    1863258 |    2917829 |    2044445 |    2799166
  Idle time (%)                      |       5.0% |       5.2% |       5.3% |       5.4% |       4.8% |       5.5% |       5.3% |       5.6% |       4.8% |       5.5% |       5.3% |       5.5% |       3.2% |       5.0% |       3.5% |       4.8%
Branch predictor stats               |            |            |            |            |            |            |            |            |            |            |            |            |            |            |            |           
  num correct                        |    3793007 |    3716354 |    3665621 |    3674718 |    3784840 |    3724476 |    3665822 |    3674465 |    3783698 |    3674563 |    3665834 |    3725376 |    3741417 |    3726170 |    3664810 |    3719336
  num incorrect                      |      21589 |      14602 |      14083 |      13435 |      22264 |      14393 |      13937 |      13350 |      22355 |      13374 |      13908 |      14255 |      20555 |      13850 |      13592 |      14411
  misprediction rate                 |      0.57% |      0.39% |      0.38% |      0.36% |      0.58% |      0.38% |      0.38% |      0.36% |      0.59% |      0.36% |      0.38% |      0.38% |      0.55% |      0.37% |      0.37% |      0.39%
  mpki                               |       0.27 |       0.19 |       0.18 |       0.17 |       0.28 |       0.18 |       0.18 |       0.17 |       0.28 |       0.17 |       0.18 |       0.18 |       0.26 |       0.18 |       0.17 |       0.18
TLB Summary                          |            |            |            |            |            |            |            |            |            |            |            |            |            |            |            |           
  I-TLB                              |            |            |            |            |            |            |            |            |            |            |            |            |            |            |            |           
    num accesses                     |    8265775 |    8201972 |    8156235 |    8167006 |    8255443 |    8212625 |    8156163 |    8166426 |    8254220 |    8166710 |    8156125 |    8213615 |    8217927 |    8213707 |    8154474 |    8204838
    num misses                       |        163 |         53 |         52 |         52 |        162 |         54 |         52 |         52 |        162 |         52 |         52 |         52 |        161 |         52 |         52 |         52
    miss rate                        |      0.00% |      0.00% |      0.00% |      0.00% |      0.00% |      0.00% |      0.00% |      0.00% |      0.00% |      0.00% |      0.00% |      0.00% |      0.00% |      0.00% |      0.00% |      0.00%
    mpki                             |       0.00 |       0.00 |       0.00 |       0.00 |       0.00 |       0.00 |       0.00 |       0.00 |       0.00 |       0.00 |       0.00 |       0.00 |       0.00 |       0.00 |       0.00 |       0.00
  D-TLB                              |            |            |            |            |            |            |            |            |            |            |            |            |            |            |            |           
    num accesses                     |   30723608 |   30533705 |   30275538 |   30325600 |   30672159 |   30585287 |   30275592 |   30324964 |   30670183 |   30325298 |   30275499 |   30586802 |   30459857 |   30587915 |   30273011 |   30539188
    num misses                       |      69924 |      68730 |      64623 |      65817 |      68793 |      69377 |      64569 |      66855 |      68849 |      62975 |      65183 |      69627 |      67036 |      69327 |      67014 |      67209
    miss rate                        |      0.23% |      0.23% |      0.21% |      0.22% |      0.22% |      0.23% |      0.21% |      0.22% |      0.22% |      0.21% |      0.22% |      0.23% |      0.22% |      0.23% |      0.22% |      0.22%
    mpki                             |       0.88 |       0.87 |       0.82 |       0.84 |       0.87 |       0.88 |       0.82 |       0.85 |       0.87 |       0.80 |       0.83 |       0.88 |       0.85 |       0.88 |       0.85 |       0.85
  L2 TLB                             |            |            |            |            |            |            |            |            |            |            |            |            |            |            |            |           
    num accesses                     |      70087 |      68783 |      64675 |      65869 |      68955 |      69431 |      64621 |      66907 |      69011 |      63027 |      65235 |      69679 |      67197 |      69379 |      67066 |      67261
    num misses                       |      17760 |      16291 |      15506 |      16153 |      16713 |      16619 |      15967 |      15964 |      17027 |      15611 |      15480 |      16669 |      16338 |      16798 |      15166 |      16357
    miss rate                        |     25.34% |     23.68% |     23.98% |     24.52% |     24.24% |     23.94% |     24.71% |     23.86% |     24.67% |     24.77% |     23.73% |     23.92% |     24.31% |     24.21% |     22.61% |     24.32%
    mpki                             |       0.22 |       0.21 |       0.20 |       0.21 |       0.21 |       0.21 |       0.20 |       0.20 |       0.21 |       0.20 |       0.20 |       0.21 |       0.21 |       0.21 |       0.19 |       0.21
Cache Summary                        |            |            |            |            |            |            |            |            |            |            |            |            |            |            |            |           
  Cache L1-I                         |            |            |            |            |            |            |            |            |            |            |            |            |            |            |            |           
    num cache accesses               |    8265775 |    8201972 |    8156235 |    8167006 |    8255443 |    8212625 |    8156163 |    8166426 |    8254220 |    8166710 |    8156125 |    8213615 |    8217927 |    8213707 |    8154474 |    8204838
    num cache misses                 |      61699 |      55151 |      55055 |      55183 |      61343 |      55397 |      54690 |      55446 |      61629 |      55151 |      54852 |      55392 |      61278 |      56002 |      54857 |      55831
    miss rate                        |      0.75% |      0.67% |      0.68% |      0.68% |      0.74% |      0.67% |      0.67% |      0.68% |      0.75% |      0.68% |      0.67% |      0.67% |      0.75% |      0.68% |      0.67% |      0.68%
    mpki                             |       0.78 |       0.70 |       0.70 |       0.70 |       0.77 |       0.70 |       0.70 |       0.71 |       0.78 |       0.70 |       0.70 |       0.70 |       0.78 |       0.71 |       0.70 |       0.71
  Cache L1-D                         |            |            |            |            |            |            |            |            |            |            |            |            |            |            |            |           
    num cache accesses               |   30723608 |   30533705 |   30275538 |   30325600 |   30672159 |   30585287 |   30275592 |   30324964 |   30670183 |   30325298 |   30275499 |   30586802 |   30459857 |   30587915 |   30273011 |   30539188
    num cache misses                 |    2761075 |    2750289 |    2742110 |    2744357 |    2757761 |    2752986 |    2742184 |    2744383 |    2757229 |    2744445 |    2742003 |    2753486 |    2750923 |    2753545 |    2741325 |    2751327
    miss rate                        |      8.99% |      9.01% |      9.06% |      9.05% |      8.99% |      9.00% |      9.06% |      9.05% |      8.99% |      9.05% |      9.06% |      9.00% |      9.03% |      9.00% |      9.06% |      9.01%
    mpki                             |      34.79 |      34.89 |      34.96 |      34.95 |      34.79 |      34.88 |      34.96 |      34.95 |      34.79 |      34.95 |      34.96 |      34.89 |      34.84 |      34.89 |      34.96 |      34.90
  Cache L2                           |            |            |            |            |            |            |            |            |            |            |            |            |            |            |            |           
    num cache accesses               |    3341712 |    3322820 |    3317412 |    3319537 |    3336757 |    3326560 |    3317022 |    3319929 |    3336510 |    3319296 |    3317216 |    3327149 |    3330993 |    3327831 |    3314956 |    3326871
    num cache misses                 |    2573973 |    2561506 |    2554268 |    2553896 |    2571703 |    2563945 |    2553859 |    2554143 |    2571185 |    2553652 |    2553782 |    2564633 |    2565207 |    2565096 |    2555705 |    2563358
    miss rate                        |     77.03% |     77.09% |     77.00% |     76.94% |     77.07% |     77.07% |     76.99% |     76.93% |     77.06% |     76.93% |     76.99% |     77.08% |     77.01% |     77.08% |     77.10% |     77.05%
    mpki                             |      32.43 |      32.50 |      32.57 |      32.52 |      32.44 |      32.49 |      32.56 |      32.53 |      32.44 |      32.52 |      32.56 |      32.49 |      32.49 |      32.50 |      32.59 |      32.52
DRAM summary                         |            |            |            |            |            |            |            |            |            |            |            |            |            |            |            |           
  num dram accesses                  |    3649902 |    3457791 |    3465544 |    3452270 |    3461939 |    3485810 |    3494337 |    3498006 |    3497427 |    3483160 |    3489585 |    3488673 |    3485015 |    3493458 |    3519872 |    3530019
  average dram access latency (ns)   |      83.59 |      48.43 |      48.69 |      49.35 |      48.91 |      48.55 |      49.81 |      50.88 |      49.88 |      51.33 |      50.60 |      48.47 |      48.40 |      53.69 |      51.71 |      53.07
  average dram queueing delay        |      60.16 |      25.00 |      25.26 |      25.92 |      25.48 |      25.12 |      26.38 |      27.45 |      26.45 |      27.90 |      27.17 |      25.04 |      24.97 |      30.26 |      28.28 |      29.64
  average dram bandwidth utilization |     52.00% |     49.00% |     50.00% |     49.00% |     50.00% |     50.00% |     50.00% |     50.00% |     50.00% |     50.00% |     50.00% |     50.00% |     50.00% |     50.00% |     50.00% |     51.00%
Coherency Traffic                    |            |            |            |            |            |            |            |            |            |            |            |            |            |            |            |           
  num loads from dram                |    1969734 |    1973745 |    1966920 |    1956633 |    1975460 |    1966233 |    1969329 |    1956606 |    1976310 |    1958451 |    1967886 |    1964477 |    1965115 |    1965240 |    1972365 |    1970336
  num loads from dram cache          |          0 |          0 |          0 |          0 |          0 |          0 |          0 |          0 |          0 |          0 |          0 |          0 |          0 |          0 |          0 |          0
  num loads from remote cache        |      45909 |      36121 |      38767 |      47130 |      38702 |      45437 |      36215 |      47297 |      37534 |      45072 |      37435 |      47995 |      44713 |      47170 |      35540 |      39382
