                                     | Core 0     | Core 1     | Core 2     | Core 3     | Core 4     | Core 5     | Core 6     | Core 7     | Core 8     | Core 9     | Core 10    | Core 11    | Core 12    | Core 13    | Core 14    | Core 15   
  Instructions                       |  105644599 |   96490495 |   96510320 |   96502228 |  105643722 |   96490983 |   96510174 |   96503131 |  105643787 |   96490920 |   96510361 |   96502679 |  105643606 |   96491355 |   96509009 |   96503357
  Cycles                             |  112511600 |  112511600 |  112511600 |  112511600 |  112511600 |  112511600 |  112511600 |  112511600 |  112511600 |  112511600 |  112511600 |  112511600 |  112511600 |  112511600 |  112511600 |  112511600
  IPC                                |       0.94 |       0.86 |       0.86 |       0.86 |       0.94 |       0.86 |       0.86 |       0.86 |       0.94 |       0.86 |       0.86 |       0.86 |       0.94 |       0.86 |       0.86 |       0.86
  Time (ns)                          |   28127900 |   28127900 |   28127900 |   28127900 |   28127900 |   28127900 |   28127900 |   28127900 |   28127900 |   28127900 |   28127900 |   28127900 |   28127900 |   28127900 |   28127900 |   28127900
  Idle time (ns)                     |    1119746 |    5291814 |    5151464 |    4684231 |    1007414 |    5264036 |    5261814 |    4790854 |     985604 |    5177924 |    5338000 |    4702938 |     932216 |    5182632 |    5182763 |    4723712
  Idle time (%)                      |       4.0% |      18.8% |      18.3% |      16.7% |       3.6% |      18.7% |      18.7% |      17.0% |       3.5% |      18.4% |      19.0% |      16.7% |       3.3% |      18.4% |      18.4% |      16.8%
Branch predictor stats               |            |            |            |            |            |            |            |            |            |            |            |            |            |            |            |           
  num correct                        |    9573608 |    8150495 |    8151428 |    8149549 |    9574051 |    8151645 |    8150684 |    8149552 |    9575772 |    8151970 |    8152009 |    8150167 |    9573672 |    8150618 |    8151254 |    8149832
  num incorrect                      |     165473 |      91340 |      90346 |      91622 |     164858 |      90274 |      91067 |      91755 |     163165 |      89943 |      89784 |      91069 |     165213 |      91370 |      90331 |      91512
  misprediction rate                 |      1.70% |      1.11% |      1.10% |      1.11% |      1.69% |      1.10% |      1.10% |      1.11% |      1.68% |      1.09% |      1.09% |      1.11% |      1.70% |      1.11% |      1.10% |      1.11%
  mpki                               |       1.57 |       0.95 |       0.94 |       0.95 |       1.56 |       0.94 |       0.94 |       0.95 |       1.54 |       0.93 |       0.93 |       0.94 |       1.56 |       0.95 |       0.94 |       0.95
TLB Summary                          |            |            |            |            |            |            |            |            |            |            |            |            |            |            |            |           
  I-TLB                              |            |            |            |            |            |            |            |            |            |            |            |            |            |            |            |           
    num accesses                     |   14126130 |   12850816 |   12873563 |   12872657 |   14125951 |   12850929 |   12873532 |   12872813 |   14125954 |   12850899 |   12873575 |   12872745 |   14125914 |   12850990 |   12873396 |   12872866
    num misses                       |        157 |         49 |         49 |         50 |        156 |         49 |         49 |         50 |        156 |         49 |         49 |         50 |        157 |         49 |         49 |         50
    miss rate                        |      0.00% |      0.00% |      0.00% |      0.00% |      0.00% |      0.00% |      0.00% |      0.00% |      0.00% |      0.00% |      0.00% |      0.00% |      0.00% |      0.00% |      0.00% |      0.00%
    mpki                             |       0.00 |       0.00 |       0.00 |       0.00 |       0.00 |       0.00 |       0.00 |       0.00 |       0.00 |       0.00 |       0.00 |       0.00 |       0.00 |       0.00 |       0.00 |       0.00
  D-TLB                              |            |            |            |            |            |            |            |            |            |            |            |            |            |            |            |           
    num accesses                     |   41528477 |   38232531 |   38254803 |   38251042 |   41532756 |   38232690 |   38254746 |   38251328 |   41532800 |   38232687 |   38254815 |   38251193 |   41532722 |   38232835 |   38254281 |   38251395
    num misses                       |      32337 |      27532 |      26468 |      26867 |      35440 |      28822 |      31630 |      25480 |      34593 |      25979 |      35880 |      30478 |      29071 |      37503 |      30694 |      25165
    miss rate                        |      0.08% |      0.07% |      0.07% |      0.07% |      0.09% |      0.08% |      0.08% |      0.07% |      0.08% |      0.07% |      0.09% |      0.08% |      0.07% |      0.10% |      0.08% |      0.07%
    mpki                             |       0.31 |       0.29 |       0.27 |       0.28 |       0.34 |       0.30 |       0.33 |       0.26 |       0.33 |       0.27 |       0.37 |       0.32 |       0.28 |       0.39 |       0.32 |       0.26
  L2 TLB                             |            |            |            |            |            |            |            |            |            |            |            |            |            |            |            |           
    num accesses                     |      32494 |      27581 |      26517 |      26917 |      35596 |      28871 |      31679 |      25530 |      34749 |      26028 |      35929 |      30528 |      29228 |      37552 |      30743 |      25215
    num misses                       |      11447 |       9942 |       9539 |       9820 |      11594 |      10080 |       9920 |       9947 |      11589 |       9671 |       9883 |       9879 |      11165 |      10347 |       9846 |       9799
    miss rate                        |     35.23% |     36.05% |     35.97% |     36.48% |     32.57% |     34.91% |     31.31% |     38.96% |     33.35% |     37.16% |     27.51% |     32.36% |     38.20% |     27.55% |     32.03% |     38.86%
    mpki                             |       0.11 |       0.10 |       0.10 |       0.10 |       0.11 |       0.10 |       0.10 |       0.10 |       0.11 |       0.10 |       0.10 |       0.10 |       0.11 |       0.11 |       0.10 |       0.10
Cache Summary                        |            |            |            |            |            |            |            |            |            |            |            |            |            |            |            |           
  Cache L1-I                         |            |            |            |            |            |            |            |            |            |            |            |            |            |            |            |           
    num cache accesses               |   14126130 |   12850816 |   12873563 |   12872657 |   14125951 |   12850929 |   12873532 |   12872813 |   14125954 |   12850899 |   12873575 |   12872745 |   14125914 |   12850990 |   12873396 |   12872866
    num cache misses                 |    1650852 |     979824 |     979089 |     980601 |    1649046 |     979033 |     978356 |     978875 |    1651653 |     979736 |     979044 |     980528 |    1650761 |     979812 |     979139 |     980651
    miss rate                        |     11.69% |      7.62% |      7.61% |      7.62% |     11.67% |      7.62% |      7.60% |      7.60% |     11.69% |      7.62% |      7.61% |      7.62% |     11.69% |      7.62% |      7.61% |      7.62%
    mpki                             |      15.63 |      10.15 |      10.14 |      10.16 |      15.61 |      10.15 |      10.14 |      10.14 |      15.63 |      10.15 |      10.14 |      10.16 |      15.63 |      10.15 |      10.15 |      10.16
  Cache L1-D                         |            |            |            |            |            |            |            |            |            |            |            |            |            |            |            |           
    num cache accesses               |   41528477 |   38232531 |   38254803 |   38251042 |   41532756 |   38232690 |   38254746 |   38251328 |   41532800 |   38232687 |   38254815 |   38251193 |   41532722 |   38232835 |   38254281 |   38251395
    num cache misses                 |     595225 |     568971 |     568992 |     576681 |     601188 |     569029 |     569001 |     576730 |     598589 |     569483 |     569462 |     577144 |     591969 |     569009 |     568979 |     576726
    miss rate                        |      1.43% |      1.49% |      1.49% |      1.51% |      1.45% |      1.49% |      1.49% |      1.51% |      1.44% |      1.49% |      1.49% |      1.51% |      1.43% |      1.49% |      1.49% |      1.51%
    mpki                             |       5.63 |       5.90 |       5.90 |       5.98 |       5.69 |       5.90 |       5.90 |       5.98 |       5.67 |       5.90 |       5.90 |       5.98 |       5.60 |       5.90 |       5.90 |       5.98
  Cache L2                           |            |            |            |            |            |            |            |            |            |            |            |            |            |            |            |           
    num cache accesses               |    2257043 |    1558103 |    1557387 |    1566576 |    2261838 |    1557374 |    1556661 |    1564900 |    2262492 |    1558526 |    1557814 |    1566965 |    2253713 |    1558127 |    1557423 |    1566667
    num cache misses                 |     127448 |      90207 |      90233 |     107617 |     113108 |      89259 |      89232 |      92138 |     144890 |      92862 |      92868 |     110373 |     128068 |      90257 |      90238 |     107704
    miss rate                        |      5.65% |      5.79% |      5.79% |      6.87% |      5.00% |      5.73% |      5.73% |      5.89% |      6.40% |      5.96% |      5.96% |      7.04% |      5.68% |      5.79% |      5.79% |      6.87%
    mpki                             |       1.21 |       0.93 |       0.93 |       1.12 |       1.07 |       0.93 |       0.92 |       0.95 |       1.37 |       0.96 |       0.96 |       1.14 |       1.21 |       0.94 |       0.94 |       1.12
DRAM summary                         |            |            |            |            |            |            |            |            |            |            |            |            |            |            |            |           
  num dram accesses                  |     543655 |     421546 |      64893 |      41859 |      32905 |      33036 |      37184 |      32574 |      78243 |      60220 |     431988 |       7001 |       2699 |       2988 |       3006 |       8335
  average dram access latency (ns)   |      35.96 |      33.55 |      42.83 |      34.24 |      26.18 |      27.67 |      26.06 |      26.36 |      37.94 |      35.85 |      28.99 |      23.90 |      25.18 |      25.26 |      24.97 |      24.08
  average dram queueing delay        |      12.53 |      10.12 |      19.40 |      10.81 |       2.75 |       4.24 |       2.63 |       2.93 |      14.51 |      12.42 |       5.56 |       0.47 |       1.75 |       1.84 |       1.54 |       0.65
  average dram bandwidth utilization |     16.00% |     12.00% |      1.00% |      1.00% |      0.00% |      0.00% |      1.00% |      0.00% |      2.00% |      1.00% |     12.00% |      0.00% |      0.00% |      0.00% |      0.00% |      0.00%
Coherency Traffic                    |            |            |            |            |            |            |            |            |            |            |            |            |            |            |            |           
  num loads from dram                |     101472 |      75260 |      76194 |      92468 |      89029 |      74254 |      76230 |      79294 |     114123 |      78248 |      78821 |      95492 |     102300 |      76204 |      76553 |      92992
  num loads from dram cache          |          0 |          0 |          0 |          0 |          0 |          0 |          0 |          0 |          0 |          0 |          0 |          0 |          0 |          0 |          0 |          0
  num loads from remote cache        |       3366 |       4500 |       3575 |       3413 |       3666 |       5653 |       3658 |       3191 |       3368 |       3947 |       3383 |       2895 |       2894 |       3576 |       3218 |       2904
