                                     | Core 0     | Core 1     | Core 2     | Core 3     | Core 4     | Core 5     | Core 6     | Core 7     | Core 8     | Core 9     | Core 10    | Core 11    | Core 12    | Core 13    | Core 14    | Core 15   
  Instructions                       |   90431379 |  540826788 |  544042525 |   24476875 |   90431168 |  536202179 |  548666782 |   24476875 |   90431024 |  535758803 |  549112278 |   24476875 |   90431368 |  540470848 |  544399938 |   24476875
  Cycles                             |  707104000 |  707104000 |  707104000 |  707104000 |  707104000 |  707104000 |  707104000 |  707104000 |  707104000 |  707104000 |  707104000 |  707104000 |  707104000 |  707104000 |  707104000 |  707104000
  IPC                                |       0.13 |       0.76 |       0.77 |       0.03 |       0.13 |       0.76 |       0.78 |       0.03 |       0.13 |       0.76 |       0.78 |       0.03 |       0.13 |       0.76 |       0.77 |       0.03
  Time (ns)                          |  176776000 |  176776000 |  176776000 |  176776000 |  176776000 |  176776000 |  176776000 |  176776000 |  176776000 |  176776000 |  176776000 |  176776000 |  176776000 |  176776000 |  176776000 |  176776000
  Idle time (ns)                     |  163786983 |   19547548 |   19606882 |  172657556 |  163610210 |   17751279 |   17911058 |  172636443 |  163600724 |   17723040 |   17763799 |  172636652 |  163778303 |   19427717 |   19496274 |  172666107
  Idle time (%)                      |      92.7% |      11.1% |      11.1% |      97.7% |      92.6% |      10.0% |      10.1% |      97.7% |      92.5% |      10.0% |      10.0% |      97.7% |      92.6% |      11.0% |      11.0% |      97.7%
Branch predictor stats               |            |            |            |            |            |            |            |            |            |            |            |            |            |            |            |           
  num correct                        |    4999735 |   47542584 |   47771554 |    1479326 |    4999874 |   47046379 |   48277234 |    1479376 |    4999713 |   46988658 |   48324785 |    1479350 |    4999302 |   47478044 |   47835966 |    1479282
  num incorrect                      |     106454 |     751018 |     752629 |       4410 |     106292 |     747934 |     746201 |       4360 |     106443 |     750660 |     753842 |       4386 |     106885 |     753605 |     750296 |       4454
  misprediction rate                 |      2.08% |      1.56% |      1.55% |      0.30% |      2.08% |      1.56% |      1.52% |      0.29% |      2.08% |      1.57% |      1.54% |      0.30% |      2.09% |      1.56% |      1.54% |      0.30%
  mpki                               |       1.18 |       1.39 |       1.38 |       0.18 |       1.18 |       1.39 |       1.36 |       0.18 |       1.18 |       1.40 |       1.37 |       0.18 |       1.18 |       1.39 |       1.38 |       0.18
TLB Summary                          |            |            |            |            |            |            |            |            |            |            |            |            |            |            |            |           
  I-TLB                              |            |            |            |            |            |            |            |            |            |            |            |            |            |            |            |           
    num accesses                     |   10637512 |   44858861 |   45151225 |    2786584 |   10637482 |   44431969 |   45577968 |    2786584 |   10637481 |   44348181 |   45662062 |    2786584 |   10637506 |   44806291 |   45203904 |    2786584
    num misses                       |        509 |         76 |         67 |         92 |        521 |         75 |         66 |         93 |        517 |         73 |         75 |         95 |        549 |         72 |         74 |         92
    miss rate                        |      0.00% |      0.00% |      0.00% |      0.00% |      0.00% |      0.00% |      0.00% |      0.00% |      0.00% |      0.00% |      0.00% |      0.00% |      0.01% |      0.00% |      0.00% |      0.00%
    mpki                             |       0.01 |       0.00 |       0.00 |       0.00 |       0.01 |       0.00 |       0.00 |       0.00 |       0.01 |       0.00 |       0.00 |       0.00 |       0.01 |       0.00 |       0.00 |       0.00
  D-TLB                              |            |            |            |            |            |            |            |            |            |            |            |            |            |            |            |           
    num accesses                     |   23153771 |  127078610 |  127524277 |    7444858 |   23153669 |  126187189 |  128415673 |    7444858 |   23153681 |  125958206 |  128645287 |    7444858 |   23153769 |  126890676 |  127712742 |    7444858
    num misses                       |      10359 |     535389 |     537219 |       2374 |      10969 |     544093 |     541233 |       2372 |      11615 |     543198 |     533864 |       2380 |       9985 |     552097 |     533739 |       2373
    miss rate                        |      0.04% |      0.42% |      0.42% |      0.03% |      0.05% |      0.43% |      0.42% |      0.03% |      0.05% |      0.43% |      0.41% |      0.03% |      0.04% |      0.44% |      0.42% |      0.03%
    mpki                             |       0.11 |       0.99 |       0.99 |       0.10 |       0.12 |       1.01 |       0.99 |       0.10 |       0.13 |       1.01 |       0.97 |       0.10 |       0.11 |       1.02 |       0.98 |       0.10
  L2 TLB                             |            |            |            |            |            |            |            |            |            |            |            |            |            |            |            |           
    num accesses                     |      10868 |     535465 |     537286 |       2466 |      11490 |     544168 |     541299 |       2465 |      12132 |     543271 |     533939 |       2475 |      10534 |     552169 |     533813 |       2465
    num misses                       |       3020 |      21583 |      25338 |        978 |       3031 |      21197 |      15155 |        973 |       3096 |      30659 |      29199 |        980 |       3013 |      26421 |      27885 |        992
    miss rate                        |     27.79% |      4.03% |      4.72% |     39.66% |     26.38% |      3.90% |      2.80% |     39.47% |     25.52% |      5.64% |      5.47% |     39.60% |     28.60% |      4.78% |      5.22% |     40.24%
    mpki                             |       0.03 |       0.04 |       0.05 |       0.04 |       0.03 |       0.04 |       0.03 |       0.04 |       0.03 |       0.06 |       0.05 |       0.04 |       0.03 |       0.05 |       0.05 |       0.04
Cache Summary                        |            |            |            |            |            |            |            |            |            |            |            |            |            |            |            |           
  Cache L1-I                         |            |            |            |            |            |            |            |            |            |            |            |            |            |            |            |           
    num cache accesses               |   10637512 |   44858861 |   45151225 |    2786584 |   10637482 |   44431969 |   45577968 |    2786584 |   10637481 |   44348181 |   45662062 |    2786584 |   10637506 |   44806291 |   45203904 |    2786584
    num cache misses                 |     138224 |    2664810 |    2663846 |      22803 |     138109 |    2664902 |    2664435 |      22717 |     138165 |    2664169 |    2666144 |      22792 |     138237 |    2665862 |    2666022 |      22717
    miss rate                        |      1.30% |      5.94% |      5.90% |      0.82% |      1.30% |      6.00% |      5.85% |      0.82% |      1.30% |      6.01% |      5.84% |      0.82% |      1.30% |      5.95% |      5.90% |      0.82%
    mpki                             |       1.53 |       4.93 |       4.90 |       0.93 |       1.53 |       4.97 |       4.86 |       0.93 |       1.53 |       4.97 |       4.86 |       0.93 |       1.53 |       4.93 |       4.90 |       0.93
  Cache L1-D                         |            |            |            |            |            |            |            |            |            |            |            |            |            |            |            |           
    num cache accesses               |   23153771 |  127078610 |  127524277 |    7444858 |   23153669 |  126187189 |  128415673 |    7444858 |   23153681 |  125958206 |  128645287 |    7444858 |   23153769 |  126890676 |  127712742 |    7444858
    num cache misses                 |     383928 |    4612769 |    4603932 |     144537 |     383853 |    4612581 |    4607462 |     144578 |     383828 |    4594703 |    4610587 |     144436 |     383903 |    4604081 |    4613687 |     144446
    miss rate                        |      1.66% |      3.63% |      3.61% |      1.94% |      1.66% |      3.66% |      3.59% |      1.94% |      1.66% |      3.65% |      3.58% |      1.94% |      1.66% |      3.63% |      3.61% |      1.94%
    mpki                             |       4.25 |       8.53 |       8.46 |       5.91 |       4.24 |       8.60 |       8.40 |       5.91 |       4.24 |       8.58 |       8.40 |       5.90 |       4.25 |       8.52 |       8.47 |       5.90
  Cache L2                           |            |            |            |            |            |            |            |            |            |            |            |            |            |            |            |           
    num cache accesses               |     577738 |    7327934 |    7310390 |     170380 |     577535 |    7334036 |    7319563 |     170355 |     577539 |    7303121 |    7329890 |     170297 |     577702 |    7316210 |    7336662 |     170197
    num cache misses                 |     393844 |    6142275 |    6118723 |     147927 |     393517 |    6141938 |    6128869 |     147891 |     393775 |    6102724 |    6136257 |     147837 |     393732 |    6124280 |    6139764 |     147775
    miss rate                        |     68.17% |     83.82% |     83.70% |     86.82% |     68.14% |     83.75% |     83.73% |     86.81% |     68.18% |     83.56% |     83.72% |     86.81% |     68.15% |     83.71% |     83.69% |     86.83%
    mpki                             |       4.36 |      11.36 |      11.25 |       6.04 |       4.35 |      11.45 |      11.17 |       6.04 |       4.35 |      11.39 |      11.17 |       6.04 |       4.35 |      11.33 |      11.28 |       6.04
DRAM summary                         |            |            |            |            |            |            |            |            |            |            |            |            |            |            |            |           
  num dram accesses                  |    2561855 |    2479483 |    2570563 |    2317984 |    2582811 |    2308371 |    2494153 |    2302279 |    2581738 |    2309859 |    2443528 |    2308347 |    2546818 |    2273400 |    2549327 |    2254588
  average dram access latency (ns)   |      25.72 |      25.66 |      25.48 |      25.45 |      25.44 |      25.46 |      25.47 |      25.45 |      25.64 |      25.64 |      25.58 |      25.49 |      25.46 |      25.38 |      25.50 |      25.61
  average dram queueing delay        |       2.29 |       2.23 |       2.05 |       2.02 |       2.01 |       2.03 |       2.04 |       2.03 |       2.21 |       2.21 |       2.15 |       2.06 |       2.03 |       1.95 |       2.07 |       2.18
  average dram bandwidth utilization |     12.00% |     11.00% |     12.00% |     11.00% |     12.00% |     11.00% |     11.00% |     10.00% |     12.00% |     11.00% |     11.00% |     11.00% |     12.00% |     10.00% |     12.00% |     10.00%
Coherency Traffic                    |            |            |            |            |            |            |            |            |            |            |            |            |            |            |            |           
  num loads from dram                |     207137 |    3043860 |    3082269 |      62838 |     207108 |    2851132 |    3283776 |      62859 |     207149 |    2904403 |    3205697 |      62792 |     207118 |    3081715 |    3050933 |      62815
  num loads from dram cache          |          0 |          0 |          0 |          0 |          0 |          0 |          0 |          0 |          0 |          0 |          0 |          0 |          0 |          0 |          0 |          0
  num loads from remote cache        |        270 |    1192278 |    1169900 |         57 |        223 |    1390684 |     969835 |         63 |        240 |    1335147 |    1024359 |         61 |        276 |    1168523 |    1188336 |         59
